<?xml version="1.0" encoding="UTF-8"?>
<coverage generated="1759740320137" clover="3.2.0">
  <project timestamp="1759740320137" name="All files">
    <metrics statements="604" coveredstatements="143" conditionals="486" coveredconditionals="81" methods="161" coveredmethods="28" elements="1251" coveredelements="252" complexity="0" loc="604" ncloc="604" packages="7" files="11" classes="11"/>
    <package name="src">
      <metrics statements="158" coveredstatements="0" conditionals="162" coveredconditionals="0" methods="57" coveredmethods="0"/>
      <file name="App.tsx" path="/Users/rumen/Develop/react-chess/src/App.tsx">
        <metrics statements="158" coveredstatements="0" conditionals="162" coveredconditionals="0" methods="57" coveredmethods="0"/>
        <line num="1" count="0" type="stmt"/>
        <line num="3" count="0" type="stmt"/>
        <line num="4" count="0" type="stmt"/>
        <line num="5" count="0" type="stmt"/>
        <line num="6" count="0" type="stmt"/>
        <line num="7" count="0" type="stmt"/>
        <line num="8" count="0" type="stmt"/>
        <line num="9" count="0" type="stmt"/>
        <line num="10" count="0" type="stmt"/>
        <line num="14" count="0" type="stmt"/>
        <line num="15" count="0" type="stmt"/>
        <line num="16" count="0" type="stmt"/>
        <line num="17" count="0" type="stmt"/>
        <line num="18" count="0" type="stmt"/>
        <line num="20" count="0" type="stmt"/>
        <line num="21" count="0" type="stmt"/>
        <line num="22" count="0" type="stmt"/>
        <line num="24" count="0" type="stmt"/>
        <line num="25" count="0" type="stmt"/>
        <line num="26" count="0" type="stmt"/>
        <line num="27" count="0" type="cond" truecount="0" falsecount="4"/>
        <line num="31" count="0" type="stmt"/>
        <line num="32" count="0" type="stmt"/>
        <line num="34" count="0" type="stmt"/>
        <line num="35" count="0" type="stmt"/>
        <line num="37" count="0" type="stmt"/>
        <line num="39" count="0" type="stmt"/>
        <line num="40" count="0" type="stmt"/>
        <line num="42" count="0" type="stmt"/>
        <line num="43" count="0" type="stmt"/>
        <line num="45" count="0" type="stmt"/>
        <line num="46" count="0" type="stmt"/>
        <line num="48" count="0" type="stmt"/>
        <line num="49" count="0" type="stmt"/>
        <line num="51" count="0" type="stmt"/>
        <line num="52" count="0" type="stmt"/>
        <line num="54" count="0" type="stmt"/>
        <line num="55" count="0" type="stmt"/>
        <line num="57" count="0" type="stmt"/>
        <line num="58" count="0" type="stmt"/>
        <line num="60" count="0" type="stmt"/>
        <line num="61" count="0" type="stmt"/>
        <line num="63" count="0" type="stmt"/>
        <line num="64" count="0" type="stmt"/>
        <line num="95" count="0" type="stmt"/>
        <line num="98" count="0" type="stmt"/>
        <line num="99" count="0" type="stmt"/>
        <line num="101" count="0" type="stmt"/>
        <line num="102" count="0" type="stmt"/>
        <line num="104" count="0" type="stmt"/>
        <line num="105" count="0" type="stmt"/>
        <line num="108" count="0" type="stmt"/>
        <line num="109" count="0" type="stmt"/>
        <line num="110" count="0" type="stmt"/>
        <line num="112" count="0" type="stmt"/>
        <line num="114" count="0" type="cond" truecount="0" falsecount="2"/>
        <line num="115" count="0" type="stmt"/>
        <line num="116" count="0" type="stmt"/>
        <line num="117" count="0" type="stmt"/>
        <line num="118" count="0" type="cond" truecount="0" falsecount="2"/>
        <line num="119" count="0" type="stmt"/>
        <line num="120" count="0" type="stmt"/>
        <line num="122" count="0" type="stmt"/>
        <line num="127" count="0" type="stmt"/>
        <line num="128" count="0" type="cond" truecount="0" falsecount="2"/>
        <line num="129" count="0" type="cond" truecount="0" falsecount="2"/>
        <line num="131" count="0" type="stmt"/>
        <line num="133" count="0" type="cond" truecount="0" falsecount="2"/>
        <line num="134" count="0" type="cond" truecount="0" falsecount="4"/>
        <line num="135" count="0" type="stmt"/>
        <line num="136" count="0" type="stmt"/>
        <line num="138" count="0" type="stmt"/>
        <line num="143" count="0" type="stmt"/>
        <line num="144" count="0" type="cond" truecount="0" falsecount="2"/>
        <line num="145" count="0" type="stmt"/>
        <line num="146" count="0" type="stmt"/>
        <line num="151" count="0" type="stmt"/>
        <line num="152" count="0" type="cond" truecount="0" falsecount="5"/>
        <line num="153" count="0" type="stmt"/>
        <line num="154" count="0" type="cond" truecount="0" falsecount="2"/>
        <line num="155" count="0" type="stmt"/>
        <line num="156" count="0" type="stmt"/>
        <line num="157" count="0" type="stmt"/>
        <line num="158" count="0" type="cond" truecount="0" falsecount="4"/>
        <line num="159" count="0" type="stmt"/>
        <line num="160" count="0" type="cond" truecount="0" falsecount="2"/>
        <line num="161" count="0" type="stmt"/>
        <line num="162" count="0" type="cond" truecount="0" falsecount="2"/>
        <line num="163" count="0" type="stmt"/>
        <line num="164" count="0" type="stmt"/>
        <line num="165" count="0" type="cond" truecount="0" falsecount="2"/>
        <line num="166" count="0" type="stmt"/>
        <line num="167" count="0" type="cond" truecount="0" falsecount="2"/>
        <line num="171" count="0" type="stmt"/>
        <line num="174" count="0" type="stmt"/>
        <line num="175" count="0" type="stmt"/>
        <line num="176" count="0" type="stmt"/>
        <line num="177" count="0" type="stmt"/>
        <line num="191" count="0" type="stmt"/>
        <line num="192" count="0" type="stmt"/>
        <line num="193" count="0" type="stmt"/>
        <line num="194" count="0" type="cond" truecount="0" falsecount="2"/>
        <line num="195" count="0" type="stmt"/>
        <line num="197" count="0" type="stmt"/>
        <line num="201" count="0" type="stmt"/>
        <line num="202" count="0" type="cond" truecount="0" falsecount="5"/>
        <line num="203" count="0" type="stmt"/>
        <line num="207" count="0" type="stmt"/>
        <line num="208" count="0" type="stmt"/>
        <line num="209" count="0" type="stmt"/>
        <line num="210" count="0" type="cond" truecount="0" falsecount="2"/>
        <line num="213" count="0" type="stmt"/>
        <line num="214" count="0" type="stmt"/>
        <line num="217" count="0" type="stmt"/>
        <line num="218" count="0" type="cond" truecount="0" falsecount="5"/>
        <line num="219" count="0" type="cond" truecount="0" falsecount="2"/>
        <line num="220" count="0" type="cond" truecount="0" falsecount="2"/>
        <line num="221" count="0" type="stmt"/>
        <line num="222" count="0" type="cond" truecount="0" falsecount="2"/>
        <line num="225" count="0" type="stmt"/>
        <line num="226" count="0" type="cond" truecount="0" falsecount="2"/>
        <line num="227" count="0" type="stmt"/>
        <line num="228" count="0" type="cond" truecount="0" falsecount="5"/>
        <line num="229" count="0" type="stmt"/>
        <line num="233" count="0" type="stmt"/>
        <line num="234" count="0" type="stmt"/>
        <line num="235" count="0" type="stmt"/>
        <line num="236" count="0" type="stmt"/>
        <line num="237" count="0" type="stmt"/>
        <line num="238" count="0" type="stmt"/>
        <line num="239" count="0" type="stmt"/>
        <line num="240" count="0" type="stmt"/>
        <line num="241" count="0" type="stmt"/>
        <line num="244" count="0" type="cond" truecount="0" falsecount="2"/>
        <line num="261" count="0" type="cond" truecount="0" falsecount="6"/>
        <line num="263" count="0" type="cond" truecount="0" falsecount="6"/>
        <line num="265" count="0" type="stmt"/>
        <line num="291" count="0" type="stmt"/>
        <line num="297" count="0" type="stmt"/>
        <line num="339" count="0" type="cond" truecount="0" falsecount="2"/>
        <line num="352" count="0" type="cond" truecount="0" falsecount="2"/>
        <line num="364" count="0" type="stmt"/>
        <line num="365" count="0" type="stmt"/>
        <line num="369" count="0" type="cond" truecount="0" falsecount="2"/>
        <line num="386" count="0" type="stmt"/>
        <line num="395" count="0" type="stmt"/>
        <line num="396" count="0" type="stmt"/>
        <line num="407" count="0" type="stmt"/>
        <line num="408" count="0" type="stmt"/>
        <line num="409" count="0" type="stmt"/>
        <line num="431" count="0" type="stmt"/>
        <line num="445" count="0" type="stmt"/>
        <line num="453" count="0" type="stmt"/>
        <line num="464" count="0" type="stmt"/>
        <line num="493" count="0" type="stmt"/>
        <line num="590" count="0" type="cond" truecount="0" falsecount="2"/>
        <line num="605" count="0" type="cond" truecount="0" falsecount="2"/>
        <line num="641" count="0" type="stmt"/>
      </file>
    </package>
    <package name="src.components.ChessBoard">
      <metrics statements="59" coveredstatements="0" conditionals="72" coveredconditionals="0" methods="12" coveredmethods="0"/>
      <file name="ChessBoard.tsx" path="/Users/rumen/Develop/react-chess/src/components/ChessBoard/ChessBoard.tsx">
        <metrics statements="43" coveredstatements="0" conditionals="29" coveredconditionals="0" methods="8" coveredmethods="0"/>
        <line num="1" count="0" type="stmt"/>
        <line num="3" count="0" type="stmt"/>
        <line num="4" count="0" type="stmt"/>
        <line num="5" count="0" type="stmt"/>
        <line num="23" count="0" type="stmt"/>
        <line num="38" count="0" type="stmt"/>
        <line num="39" count="0" type="cond" truecount="0" falsecount="2"/>
        <line num="40" count="0" type="stmt"/>
        <line num="41" count="0" type="stmt"/>
        <line num="42" count="0" type="stmt"/>
        <line num="43" count="0" type="cond" truecount="0" falsecount="4"/>
        <line num="44" count="0" type="stmt"/>
        <line num="48" count="0" type="stmt"/>
        <line num="51" count="0" type="stmt"/>
        <line num="52" count="0" type="stmt"/>
        <line num="55" count="0" type="cond" truecount="0" falsecount="2"/>
        <line num="57" count="0" type="cond" truecount="0" falsecount="2"/>
        <line num="61" count="0" type="stmt"/>
        <line num="62" count="0" type="stmt"/>
        <line num="63" count="0" type="stmt"/>
        <line num="64" count="0" type="stmt"/>
        <line num="65" count="0" type="stmt"/>
        <line num="66" count="0" type="stmt"/>
        <line num="67" count="0" type="stmt"/>
        <line num="68" count="0" type="stmt"/>
        <line num="69" count="0" type="cond" truecount="0" falsecount="3"/>
        <line num="70" count="0" type="stmt"/>
        <line num="71" count="0" type="cond" truecount="0" falsecount="2"/>
        <line num="72" count="0" type="stmt"/>
        <line num="73" count="0" type="stmt"/>
        <line num="74" count="0" type="stmt"/>
        <line num="95" count="0" type="stmt"/>
        <line num="101" count="0" type="stmt"/>
        <line num="118" count="0" type="stmt"/>
        <line num="119" count="0" type="stmt"/>
        <line num="120" count="0" type="cond" truecount="0" falsecount="2"/>
        <line num="123" count="0" type="stmt"/>
        <line num="124" count="0" type="stmt"/>
        <line num="125" count="0" type="cond" truecount="0" falsecount="2"/>
        <line num="128" count="0" type="stmt"/>
        <line num="134" count="0" type="stmt"/>
        <line num="141" count="0" type="stmt"/>
        <line num="153" count="0" type="stmt"/>
      </file>
      <file name="Square.tsx" path="/Users/rumen/Develop/react-chess/src/components/ChessBoard/Square.tsx">
        <metrics statements="16" coveredstatements="0" conditionals="43" coveredconditionals="0" methods="4" coveredmethods="0"/>
        <line num="2" count="0" type="stmt"/>
        <line num="66" count="0" type="stmt"/>
        <line num="82" count="0" type="stmt"/>
        <line num="83" count="0" type="stmt"/>
        <line num="86" count="0" type="stmt"/>
        <line num="87" count="0" type="cond" truecount="0" falsecount="4"/>
        <line num="88" count="0" type="stmt"/>
        <line num="89" count="0" type="stmt"/>
        <line num="93" count="0" type="stmt"/>
        <line num="107" count="0" type="cond" truecount="0" falsecount="2"/>
        <line num="109" count="0" type="stmt"/>
        <line num="122" count="0" type="cond" truecount="0" falsecount="2"/>
        <line num="123" count="0" type="stmt"/>
        <line num="131" count="0" type="stmt"/>
        <line num="132" count="0" type="stmt"/>
        <line num="157" count="0" type="stmt"/>
      </file>
    </package>
    <package name="src.components.MoveHistory">
      <metrics statements="9" coveredstatements="0" conditionals="16" coveredconditionals="0" methods="4" coveredmethods="0"/>
      <file name="MoveHistory.tsx" path="/Users/rumen/Develop/react-chess/src/components/MoveHistory/MoveHistory.tsx">
        <metrics statements="9" coveredstatements="0" conditionals="16" coveredconditionals="0" methods="4" coveredmethods="0"/>
        <line num="1" count="0" type="stmt"/>
        <line num="4" count="0" type="stmt"/>
        <line num="13" count="0" type="stmt"/>
        <line num="19" count="0" type="stmt"/>
        <line num="20" count="0" type="stmt"/>
        <line num="27" count="0" type="stmt"/>
        <line num="31" count="0" type="stmt"/>
        <line num="38" count="0" type="stmt"/>
        <line num="51" count="0" type="stmt"/>
      </file>
    </package>
    <package name="src.components.PromotionDialog">
      <metrics statements="9" coveredstatements="0" conditionals="2" coveredconditionals="0" methods="3" coveredmethods="0"/>
      <file name="PromotionDialog.tsx" path="/Users/rumen/Develop/react-chess/src/components/PromotionDialog/PromotionDialog.tsx">
        <metrics statements="9" coveredstatements="0" conditionals="2" coveredconditionals="0" methods="3" coveredmethods="0"/>
        <line num="1" count="0" type="stmt"/>
        <line num="9" count="0" type="stmt"/>
        <line num="10" count="0" type="stmt"/>
        <line num="16" count="0" type="stmt"/>
        <line num="22" count="0" type="stmt"/>
        <line num="28" count="0" type="cond" truecount="0" falsecount="2"/>
        <line num="29" count="0" type="stmt"/>
        <line num="30" count="0" type="stmt"/>
        <line num="42" count="0" type="stmt"/>
      </file>
    </package>
    <package name="src.hooks">
      <metrics statements="159" coveredstatements="0" conditionals="78" coveredconditionals="0" methods="38" coveredmethods="0"/>
      <file name="useChessGame.ts" path="/Users/rumen/Develop/react-chess/src/hooks/useChessGame.ts">
        <metrics statements="159" coveredstatements="0" conditionals="78" coveredconditionals="0" methods="38" coveredmethods="0"/>
        <line num="1" count="0" type="stmt"/>
        <line num="3" count="0" type="stmt"/>
        <line num="9" count="0" type="stmt"/>
        <line num="10" count="0" type="stmt"/>
        <line num="11" count="0" type="stmt"/>
        <line num="12" count="0" type="stmt"/>
        <line num="13" count="0" type="stmt"/>
        <line num="14" count="0" type="stmt"/>
        <line num="15" count="0" type="stmt"/>
        <line num="16" count="0" type="stmt"/>
        <line num="17" count="0" type="stmt"/>
        <line num="18" count="0" type="stmt"/>
        <line num="22" count="0" type="stmt"/>
        <line num="25" count="0" type="stmt"/>
        <line num="26" count="0" type="stmt"/>
        <line num="27" count="0" type="stmt"/>
        <line num="28" count="0" type="stmt"/>
        <line num="33" count="0" type="stmt"/>
        <line num="34" count="0" type="stmt"/>
        <line num="35" count="0" type="stmt"/>
        <line num="36" count="0" type="stmt"/>
        <line num="37" count="0" type="stmt"/>
        <line num="47" count="0" type="stmt"/>
        <line num="50" count="0" type="cond" truecount="0" falsecount="2"/>
        <line num="51" count="0" type="stmt"/>
        <line num="52" count="0" type="stmt"/>
        <line num="53" count="0" type="cond" truecount="0" falsecount="5"/>
        <line num="54" count="0" type="stmt"/>
        <line num="55" count="0" type="stmt"/>
        <line num="58" count="0" type="stmt"/>
        <line num="59" count="0" type="cond" truecount="0" falsecount="2"/>
        <line num="61" count="0" type="cond" truecount="0" falsecount="4"/>
        <line num="62" count="0" type="cond" truecount="0" falsecount="2"/>
        <line num="63" count="0" type="stmt"/>
        <line num="65" count="0" type="stmt"/>
        <line num="68" count="0" type="stmt"/>
        <line num="69" count="0" type="stmt"/>
        <line num="70" count="0" type="stmt"/>
        <line num="71" count="0" type="stmt"/>
        <line num="72" count="0" type="stmt"/>
        <line num="74" count="0" type="stmt"/>
        <line num="83" count="0" type="stmt"/>
        <line num="84" count="0" type="stmt"/>
        <line num="86" count="0" type="cond" truecount="0" falsecount="2"/>
        <line num="87" count="0" type="stmt"/>
        <line num="88" count="0" type="stmt"/>
        <line num="89" count="0" type="stmt"/>
        <line num="90" count="0" type="stmt"/>
        <line num="93" count="0" type="stmt"/>
        <line num="101" count="0" type="stmt"/>
        <line num="103" count="0" type="stmt"/>
        <line num="105" count="0" type="cond" truecount="0" falsecount="2"/>
        <line num="106" count="0" type="stmt"/>
        <line num="107" count="0" type="stmt"/>
        <line num="108" count="0" type="stmt"/>
        <line num="111" count="0" type="stmt"/>
        <line num="112" count="0" type="stmt"/>
        <line num="113" count="0" type="stmt"/>
        <line num="116" count="0" type="cond" truecount="0" falsecount="4"/>
        <line num="117" count="0" type="stmt"/>
        <line num="118" count="0" type="stmt"/>
        <line num="119" count="0" type="stmt"/>
        <line num="120" count="0" type="stmt"/>
        <line num="121" count="0" type="stmt"/>
        <line num="125" count="0" type="cond" truecount="0" falsecount="2"/>
        <line num="126" count="0" type="stmt"/>
        <line num="127" count="0" type="stmt"/>
        <line num="129" count="0" type="cond" truecount="0" falsecount="2"/>
        <line num="130" count="0" type="stmt"/>
        <line num="137" count="0" type="stmt"/>
        <line num="148" count="0" type="stmt"/>
        <line num="150" count="0" type="cond" truecount="0" falsecount="2"/>
        <line num="151" count="0" type="stmt"/>
        <line num="154" count="0" type="stmt"/>
        <line num="156" count="0" type="stmt"/>
        <line num="157" count="0" type="stmt"/>
        <line num="158" count="0" type="stmt"/>
        <line num="159" count="0" type="stmt"/>
        <line num="161" count="0" type="stmt"/>
        <line num="162" count="0" type="cond" truecount="0" falsecount="2"/>
        <line num="163" count="0" type="stmt"/>
        <line num="164" count="0" type="stmt"/>
        <line num="165" count="0" type="stmt"/>
        <line num="167" count="0" type="stmt"/>
        <line num="168" count="0" type="stmt"/>
        <line num="169" count="0" type="stmt"/>
        <line num="179" count="0" type="stmt"/>
        <line num="181" count="0" type="stmt"/>
        <line num="182" count="0" type="stmt"/>
        <line num="183" count="0" type="stmt"/>
        <line num="184" count="0" type="stmt"/>
        <line num="185" count="0" type="stmt"/>
        <line num="193" count="0" type="stmt"/>
        <line num="194" count="0" type="stmt"/>
        <line num="201" count="0" type="stmt"/>
        <line num="203" count="0" type="stmt"/>
        <line num="211" count="0" type="stmt"/>
        <line num="212" count="0" type="stmt"/>
        <line num="218" count="0" type="stmt"/>
        <line num="219" count="0" type="stmt"/>
        <line num="220" count="0" type="stmt"/>
        <line num="221" count="0" type="stmt"/>
        <line num="222" count="0" type="stmt"/>
        <line num="224" count="0" type="cond" truecount="0" falsecount="4"/>
        <line num="234" count="0" type="stmt"/>
        <line num="239" count="0" type="stmt"/>
        <line num="240" count="0" type="cond" truecount="0" falsecount="2"/>
        <line num="247" count="0" type="stmt"/>
        <line num="253" count="0" type="stmt"/>
        <line num="255" count="0" type="cond" truecount="0" falsecount="4"/>
        <line num="257" count="0" type="stmt"/>
        <line num="259" count="0" type="stmt"/>
        <line num="261" count="0" type="stmt"/>
        <line num="262" count="0" type="stmt"/>
        <line num="263" count="0" type="stmt"/>
        <line num="265" count="0" type="stmt"/>
        <line num="266" count="0" type="stmt"/>
        <line num="267" count="0" type="stmt"/>
        <line num="268" count="0" type="stmt"/>
        <line num="274" count="0" type="stmt"/>
        <line num="275" count="0" type="cond" truecount="0" falsecount="2"/>
        <line num="276" count="0" type="cond" truecount="0" falsecount="2"/>
        <line num="277" count="0" type="cond" truecount="0" falsecount="2"/>
        <line num="279" count="0" type="stmt"/>
        <line num="280" count="0" type="stmt"/>
        <line num="281" count="0" type="cond" truecount="0" falsecount="2"/>
        <line num="282" count="0" type="stmt"/>
        <line num="283" count="0" type="cond" truecount="0" falsecount="2"/>
        <line num="284" count="0" type="cond" truecount="0" falsecount="2"/>
        <line num="285" count="0" type="stmt"/>
        <line num="286" count="0" type="cond" truecount="0" falsecount="4"/>
        <line num="287" count="0" type="stmt"/>
        <line num="289" count="0" type="stmt"/>
        <line num="290" count="0" type="cond" truecount="0" falsecount="2"/>
        <line num="291" count="0" type="cond" truecount="0" falsecount="2"/>
        <line num="292" count="0" type="stmt"/>
        <line num="293" count="0" type="cond" truecount="0" falsecount="4"/>
        <line num="294" count="0" type="stmt"/>
        <line num="296" count="0" type="stmt"/>
        <line num="297" count="0" type="cond" truecount="0" falsecount="2"/>
        <line num="299" count="0" type="stmt"/>
        <line num="300" count="0" type="stmt"/>
        <line num="301" count="0" type="cond" truecount="0" falsecount="2"/>
        <line num="305" count="0" type="stmt"/>
        <line num="307" count="0" type="cond" truecount="0" falsecount="2"/>
        <line num="308" count="0" type="stmt"/>
        <line num="309" count="0" type="cond" truecount="0" falsecount="2"/>
        <line num="310" count="0" type="stmt"/>
        <line num="311" count="0" type="stmt"/>
        <line num="313" count="0" type="stmt"/>
        <line num="314" count="0" type="stmt"/>
        <line num="316" count="0" type="stmt"/>
        <line num="317" count="0" type="stmt"/>
        <line num="322" count="0" type="stmt"/>
        <line num="323" count="0" type="stmt"/>
        <line num="324" count="0" type="cond" truecount="0" falsecount="4"/>
        <line num="325" count="0" type="stmt"/>
        <line num="328" count="0" type="stmt"/>
        <line num="373" count="0" type="stmt"/>
      </file>
    </package>
    <package name="src.services">
      <metrics statements="130" coveredstatements="116" conditionals="79" coveredconditionals="58" methods="35" coveredmethods="26"/>
      <file name="ChessAI.ts" path="/Users/rumen/Develop/react-chess/src/services/ChessAI.ts">
        <metrics statements="92" coveredstatements="86" conditionals="66" coveredconditionals="48" methods="10" coveredmethods="9"/>
        <line num="8" count="1" type="stmt"/>
        <line num="11" count="15" type="cond" truecount="8" falsecount="0"/>
        <line num="14" count="3" type="stmt"/>
        <line num="16" count="3" type="stmt"/>
        <line num="18" count="4" type="stmt"/>
        <line num="20" count="1" type="stmt"/>
        <line num="22" count="1" type="stmt"/>
        <line num="24" count="2" type="stmt"/>
        <line num="26" count="1" type="stmt"/>
        <line num="36" count="24" type="stmt"/>
        <line num="38" count="24" type="cond" truecount="2" falsecount="0"/>
        <line num="39" count="1" type="stmt"/>
        <line num="43" count="23" type="stmt"/>
        <line num="44" count="23" type="stmt"/>
        <line num="47" count="23" type="stmt"/>
        <line num="60" count="2" type="stmt"/>
        <line num="61" count="2" type="stmt"/>
        <line num="69" count="7" type="stmt"/>
        <line num="70" count="7" type="cond" truecount="2" falsecount="0"/>
        <line num="71" count="1" type="stmt"/>
        <line num="72" count="1" type="cond" truecount="1" falsecount="1"/>
        <line num="73" count="1" type="stmt"/>
        <line num="77" count="6" type="stmt"/>
        <line num="78" count="6" type="stmt"/>
        <line num="79" count="6" type="cond" truecount="2" falsecount="2"/>
        <line num="80" count="0" type="stmt"/>
        <line num="83" count="6" type="stmt"/>
        <line num="85" count="6" type="stmt"/>
        <line num="86" count="6" type="stmt"/>
        <line num="88" count="6" type="stmt"/>
        <line num="89" count="103" type="cond" truecount="1" falsecount="1"/>
        <line num="90" count="103" type="cond" truecount="1" falsecount="1"/>
        <line num="91" count="103" type="stmt"/>
        <line num="93" count="6" type="stmt"/>
        <line num="94" count="108" type="stmt"/>
        <line num="95" count="108" type="cond" truecount="1" falsecount="1"/>
        <line num="96" count="108" type="stmt"/>
        <line num="97" count="108" type="stmt"/>
        <line num="98" count="108" type="cond" truecount="2" falsecount="0"/>
        <line num="99" count="7" type="stmt"/>
        <line num="100" count="7" type="stmt"/>
        <line num="103" count="6" type="stmt"/>
        <line num="113" count="85296" type="cond" truecount="4" falsecount="0"/>
        <line num="114" count="71398" type="stmt"/>
        <line num="117" count="13898" type="stmt"/>
        <line num="118" count="13898" type="cond" truecount="1" falsecount="1"/>
        <line num="119" count="0" type="stmt"/>
        <line num="122" count="13898" type="stmt"/>
        <line num="123" count="13898" type="stmt"/>
        <line num="125" count="13898" type="cond" truecount="2" falsecount="0"/>
        <line num="126" count="12419" type="stmt"/>
        <line num="127" count="12419" type="stmt"/>
        <line num="128" count="71493" type="stmt"/>
        <line num="129" count="71493" type="cond" truecount="2" falsecount="0"/>
        <line num="130" count="71491" type="stmt"/>
        <line num="131" count="71491" type="stmt"/>
        <line num="132" count="71491" type="stmt"/>
        <line num="133" count="71491" type="stmt"/>
        <line num="134" count="71491" type="cond" truecount="2" falsecount="0"/>
        <line num="136" count="12419" type="stmt"/>
        <line num="138" count="1479" type="stmt"/>
        <line num="139" count="1479" type="stmt"/>
        <line num="140" count="13697" type="stmt"/>
        <line num="141" count="13697" type="cond" truecount="1" falsecount="1"/>
        <line num="142" count="13697" type="stmt"/>
        <line num="143" count="13697" type="stmt"/>
        <line num="144" count="13697" type="stmt"/>
        <line num="145" count="13697" type="stmt"/>
        <line num="146" count="13697" type="cond" truecount="2" falsecount="0"/>
        <line num="148" count="1479" type="stmt"/>
        <line num="154" count="71398" type="stmt"/>
        <line num="155" count="71398" type="stmt"/>
        <line num="156" count="71398" type="stmt"/>
        <line num="157" count="571184" type="stmt"/>
        <line num="158" count="4569472" type="cond" truecount="2" falsecount="0"/>
        <line num="159" count="2280342" type="stmt"/>
        <line num="160" count="2280342" type="cond" truecount="2" falsecount="0"/>
        <line num="164" count="71398" type="cond" truecount="2" falsecount="0"/>
        <line num="165" count="3557" type="stmt"/>
        <line num="166" count="3557" type="cond" truecount="1" falsecount="3"/>
        <line num="167" count="3557" type="cond" truecount="1" falsecount="3"/>
        <line num="169" count="71398" type="stmt"/>
        <line num="173" count="2280342" type="cond" truecount="6" falsecount="1"/>
        <line num="175" count="1139125" type="stmt"/>
        <line num="178" count="570585" type="stmt"/>
        <line num="180" count="285466" type="stmt"/>
        <line num="182" count="142370" type="stmt"/>
        <line num="184" count="142796" type="stmt"/>
        <line num="186" count="0" type="stmt"/>
        <line num="191" count="0" type="cond" truecount="0" falsecount="2"/>
        <line num="193" count="0" type="stmt"/>
        <line num="194" count="0" type="stmt"/>
      </file>
      <file name="ChessEngine.ts" path="/Users/rumen/Develop/react-chess/src/services/ChessEngine.ts">
        <metrics statements="38" coveredstatements="30" conditionals="13" coveredconditionals="10" methods="25" coveredmethods="17"/>
        <line num="1" count="3" type="stmt"/>
        <line num="16" count="3" type="stmt"/>
        <line num="20" count="60" type="cond" truecount="2" falsecount="0"/>
        <line num="31" count="85332" type="stmt"/>
        <line num="37" count="85332" type="stmt"/>
        <line num="45" count="13932" type="stmt"/>
        <line num="54" count="0" type="stmt"/>
        <line num="62" count="85298" type="stmt"/>
        <line num="70" count="5" type="stmt"/>
        <line num="78" count="12" type="stmt"/>
        <line num="86" count="3563" type="stmt"/>
        <line num="94" count="13908" type="stmt"/>
        <line num="102" count="2" type="stmt"/>
        <line num="110" count="71401" type="stmt"/>
        <line num="119" count="2" type="stmt"/>
        <line num="127" count="85454" type="stmt"/>
        <line num="135" count="1" type="stmt"/>
        <line num="143" count="0" type="stmt"/>
        <line num="151" count="0" type="stmt"/>
        <line num="159" count="0" type="stmt"/>
        <line num="167" count="0" type="stmt"/>
        <line num="174" count="1" type="stmt"/>
        <line num="182" count="0" type="stmt"/>
        <line num="194" count="0" type="stmt"/>
        <line num="195" count="0" type="cond" truecount="0" falsecount="2"/>
        <line num="203" count="3560" type="stmt"/>
        <line num="204" count="3560" type="cond" truecount="7" falsecount="0"/>
        <line num="207" count="1" type="cond" truecount="1" falsecount="1"/>
        <line num="213" count="3298" type="stmt"/>
        <line num="215" count="261" type="stmt"/>
        <line num="227" count="11" type="stmt"/>
        <line num="228" count="11" type="stmt"/>
        <line num="229" count="11" type="stmt"/>
        <line num="230" count="11" type="stmt"/>
        <line num="240" count="11" type="stmt"/>
        <line num="241" count="11" type="stmt"/>
        <line num="242" count="11" type="stmt"/>
        <line num="246" count="3" type="stmt"/>
      </file>
    </package>
    <package name="src.utils">
      <metrics statements="80" coveredstatements="27" conditionals="77" coveredconditionals="23" methods="12" coveredmethods="2"/>
      <file name="chessNotation.ts" path="/Users/rumen/Develop/react-chess/src/utils/chessNotation.ts">
        <metrics statements="48" coveredstatements="27" conditionals="45" coveredconditionals="23" methods="6" coveredmethods="2"/>
        <line num="2" count="1" type="stmt"/>
        <line num="5" count="1" type="stmt"/>
        <line num="11" count="10" type="cond" truecount="2" falsecount="0"/>
        <line num="12" count="2" type="cond" truecount="2" falsecount="0"/>
        <line num="15" count="8" type="stmt"/>
        <line num="16" count="8" type="stmt"/>
        <line num="17" count="8" type="stmt"/>
        <line num="18" count="8" type="cond" truecount="3" falsecount="1"/>
        <line num="21" count="8" type="stmt"/>
        <line num="22" count="8" type="cond" truecount="2" falsecount="3"/>
        <line num="23" count="0" type="stmt"/>
        <line num="26" count="8" type="cond" truecount="2" falsecount="0"/>
        <line num="28" count="8" type="cond" truecount="2" falsecount="0"/>
        <line num="29" count="2" type="cond" truecount="4" falsecount="0"/>
        <line num="31" count="1" type="stmt"/>
        <line num="33" count="2" type="stmt"/>
        <line num="36" count="8" type="stmt"/>
        <line num="39" count="8" type="cond" truecount="2" falsecount="0"/>
        <line num="40" count="1" type="stmt"/>
        <line num="43" count="8" type="cond" truecount="2" falsecount="0"/>
        <line num="44" count="7" type="cond" truecount="2" falsecount="0"/>
        <line num="46" count="8" type="stmt"/>
        <line num="49" count="1" type="stmt"/>
        <line num="60" count="0" type="stmt"/>
        <line num="61" count="0" type="stmt"/>
        <line num="62" count="0" type="stmt"/>
        <line num="63" count="0" type="stmt"/>
        <line num="64" count="0" type="stmt"/>
        <line num="65" count="0" type="cond" truecount="0" falsecount="2"/>
        <line num="66" count="0" type="cond" truecount="0" falsecount="4"/>
        <line num="67" count="0" type="stmt"/>
        <line num="68" count="0" type="cond" truecount="0" falsecount="2"/>
        <line num="69" count="0" type="stmt"/>
        <line num="71" count="0" type="cond" truecount="0" falsecount="2"/>
        <line num="72" count="0" type="cond" truecount="0" falsecount="2"/>
        <line num="77" count="0" type="cond" truecount="0" falsecount="2"/>
        <line num="78" count="0" type="stmt"/>
        <line num="79" count="0" type="stmt"/>
        <line num="80" count="0" type="stmt"/>
        <line num="81" count="0" type="stmt"/>
        <line num="82" count="0" type="cond" truecount="0" falsecount="2"/>
        <line num="83" count="0" type="cond" truecount="0" falsecount="2"/>
        <line num="84" count="0" type="stmt"/>
        <line num="87" count="1" type="stmt"/>
        <line num="88" count="4" type="stmt"/>
        <line num="89" count="4" type="stmt"/>
        <line num="90" count="5" type="stmt"/>
        <line num="96" count="4" type="stmt"/>
      </file>
      <file name="persist.ts" path="/Users/rumen/Develop/react-chess/src/utils/persist.ts">
        <metrics statements="15" coveredstatements="0" conditionals="8" coveredconditionals="0" methods="3" coveredmethods="0"/>
        <line num="2" count="0" type="stmt"/>
        <line num="3" count="0" type="cond" truecount="0" falsecount="2"/>
        <line num="4" count="0" type="stmt"/>
        <line num="5" count="0" type="stmt"/>
        <line num="6" count="0" type="cond" truecount="0" falsecount="2"/>
        <line num="7" count="0" type="stmt"/>
        <line num="9" count="0" type="stmt"/>
        <line num="13" count="0" type="stmt"/>
        <line num="14" count="0" type="cond" truecount="0" falsecount="2"/>
        <line num="15" count="0" type="stmt"/>
        <line num="16" count="0" type="stmt"/>
        <line num="22" count="0" type="stmt"/>
        <line num="23" count="0" type="cond" truecount="0" falsecount="2"/>
        <line num="24" count="0" type="stmt"/>
        <line num="25" count="0" type="stmt"/>
      </file>
      <file name="pgn.ts" path="/Users/rumen/Develop/react-chess/src/utils/pgn.ts">
        <metrics statements="17" coveredstatements="0" conditionals="24" coveredconditionals="0" methods="3" coveredmethods="0"/>
        <line num="2" count="0" type="stmt"/>
        <line num="15" count="0" type="cond" truecount="0" falsecount="1"/>
        <line num="16" count="0" type="stmt"/>
        <line num="26" count="0" type="stmt"/>
        <line num="27" count="0" type="stmt"/>
        <line num="30" count="0" type="stmt"/>
        <line num="31" count="0" type="stmt"/>
        <line num="32" count="0" type="stmt"/>
        <line num="33" count="0" type="stmt"/>
        <line num="34" count="0" type="cond" truecount="0" falsecount="2"/>
        <line num="35" count="0" type="cond" truecount="0" falsecount="2"/>
        <line num="36" count="0" type="cond" truecount="0" falsecount="2"/>
        <line num="37" count="0" type="stmt"/>
        <line num="39" count="0" type="stmt"/>
        <line num="43" count="0" type="stmt"/>
        <line num="44" count="0" type="cond" truecount="0" falsecount="2"/>
        <line num="46" count="0" type="stmt"/>
      </file>
    </package>
  </project>
</coverage>
