{"/Users/rumen/Develop/react-chess/src/App.tsx": {"path":"/Users/rumen/Develop/react-chess/src/App.tsx","statementMap":{"0":{"start":{"line":1,"column":0},"end":{"line":1,"column":57}},"1":{"start":{"line":3,"column":0},"end":{"line":3,"column":64}},"2":{"start":{"line":4,"column":0},"end":{"line":4,"column":52}},"3":{"start":{"line":5,"column":0},"end":{"line":5,"column":64}},"4":{"start":{"line":6,"column":0},"end":{"line":6,"column":63}},"5":{"start":{"line":7,"column":0},"end":{"line":7,"column":75}},"6":{"start":{"line":8,"column":0},"end":{"line":8,"column":39}},"7":{"start":{"line":9,"column":0},"end":{"line":9,"column":78}},"8":{"start":{"line":10,"column":0},"end":{"line":10,"column":20}},"9":{"start":{"line":14,"column":40},"end":{"line":14,"column":98}},"10":{"start":{"line":14,"column":62},"end":{"line":14,"column":97}},"11":{"start":{"line":15,"column":36},"end":{"line":15,"column":91}},"12":{"start":{"line":15,"column":59},"end":{"line":15,"column":90}},"13":{"start":{"line":16,"column":36},"end":{"line":16,"column":90}},"14":{"start":{"line":16,"column":59},"end":{"line":16,"column":89}},"15":{"start":{"line":17,"column":50},"end":{"line":18,"column":null}},"16":{"start":{"line":18,"column":4},"end":{"line":18,"column":44}},"17":{"start":{"line":20,"column":36},"end":{"line":20,"column":91}},"18":{"start":{"line":20,"column":60},"end":{"line":20,"column":90}},"19":{"start":{"line":21,"column":48},"end":{"line":22,"column":null}},"20":{"start":{"line":22,"column":4},"end":{"line":22,"column":35}},"21":{"start":{"line":24,"column":42},"end":{"line":30,"column":4}},"22":{"start":{"line":25,"column":25},"end":{"line":25,"column":64}},"23":{"start":{"line":26,"column":36},"end":{"line":26,"column":95}},"24":{"start":{"line":27,"column":4},"end":{"line":29,"column":19}},"25":{"start":{"line":31,"column":46},"end":{"line":32,"column":null}},"26":{"start":{"line":32,"column":4},"end":{"line":32,"column":40}},"27":{"start":{"line":34,"column":50},"end":{"line":35,"column":null}},"28":{"start":{"line":35,"column":4},"end":{"line":35,"column":42}},"29":{"start":{"line":37,"column":32},"end":{"line":37,"column":47}},"30":{"start":{"line":39,"column":2},"end":{"line":41,"column":20}},"31":{"start":{"line":40,"column":4},"end":{"line":40,"column":44}},"32":{"start":{"line":42,"column":2},"end":{"line":44,"column":18}},"33":{"start":{"line":43,"column":4},"end":{"line":43,"column":40}},"34":{"start":{"line":45,"column":2},"end":{"line":47,"column":18}},"35":{"start":{"line":46,"column":4},"end":{"line":46,"column":40}},"36":{"start":{"line":48,"column":2},"end":{"line":50,"column":25}},"37":{"start":{"line":49,"column":4},"end":{"line":49,"column":54}},"38":{"start":{"line":51,"column":2},"end":{"line":53,"column":18}},"39":{"start":{"line":52,"column":4},"end":{"line":52,"column":40}},"40":{"start":{"line":54,"column":2},"end":{"line":56,"column":24}},"41":{"start":{"line":55,"column":4},"end":{"line":55,"column":47}},"42":{"start":{"line":57,"column":2},"end":{"line":59,"column":21}},"43":{"start":{"line":58,"column":4},"end":{"line":58,"column":46}},"44":{"start":{"line":60,"column":2},"end":{"line":62,"column":23}},"45":{"start":{"line":61,"column":4},"end":{"line":61,"column":50}},"46":{"start":{"line":63,"column":2},"end":{"line":65,"column":25}},"47":{"start":{"line":64,"column":4},"end":{"line":64,"column":54}},"48":{"start":{"line":95,"column":6},"end":{"line":95,"column":20}},"49":{"start":{"line":98,"column":34},"end":{"line":99,"column":null}},"50":{"start":{"line":99,"column":4},"end":{"line":99,"column":68}},"51":{"start":{"line":101,"column":2},"end":{"line":103,"column":17}},"52":{"start":{"line":102,"column":4},"end":{"line":102,"column":41}},"53":{"start":{"line":104,"column":2},"end":{"line":106,"column":39}},"54":{"start":{"line":105,"column":4},"end":{"line":105,"column":51}},"55":{"start":{"line":108,"column":38},"end":{"line":108,"column":53}},"56":{"start":{"line":109,"column":34},"end":{"line":109,"column":85}},"57":{"start":{"line":110,"column":44},"end":{"line":110,"column":73}},"58":{"start":{"line":112,"column":22},"end":{"line":124,"column":null}},"59":{"start":{"line":114,"column":6},"end":{"line":114,"column":53}},"60":{"start":{"line":114,"column":42},"end":{"line":114,"column":53}},"61":{"start":{"line":115,"column":27},"end":{"line":115,"column":48}},"62":{"start":{"line":116,"column":22},"end":{"line":116,"column":39}},"63":{"start":{"line":117,"column":22},"end":{"line":117,"column":51}},"64":{"start":{"line":118,"column":6},"end":{"line":121,"column":7}},"65":{"start":{"line":119,"column":23},"end":{"line":119,"column":52}},"66":{"start":{"line":120,"column":8},"end":{"line":120,"column":77}},"67":{"start":{"line":122,"column":6},"end":{"line":122,"column":65}},"68":{"start":{"line":127,"column":22},"end":{"line":127,"column":26}},"69":{"start":{"line":128,"column":23},"end":{"line":128,"column":61}},"70":{"start":{"line":129,"column":23},"end":{"line":129,"column":61}},"71":{"start":{"line":131,"column":28},"end":{"line":140,"column":null}},"72":{"start":{"line":133,"column":6},"end":{"line":133,"column":29}},"73":{"start":{"line":133,"column":22},"end":{"line":133,"column":29}},"74":{"start":{"line":134,"column":6},"end":{"line":137,"column":7}},"75":{"start":{"line":135,"column":8},"end":{"line":135,"column":60}},"76":{"start":{"line":136,"column":8},"end":{"line":136,"column":15}},"77":{"start":{"line":138,"column":6},"end":{"line":138,"column":27}},"78":{"start":{"line":143,"column":2},"end":{"line":148,"column":22}},"79":{"start":{"line":144,"column":4},"end":{"line":147,"column":5}},"80":{"start":{"line":145,"column":16},"end":{"line":145,"column":62}},"81":{"start":{"line":145,"column":33},"end":{"line":145,"column":55}},"82":{"start":{"line":146,"column":6},"end":{"line":146,"column":35}},"83":{"start":{"line":146,"column":19},"end":{"line":146,"column":34}},"84":{"start":{"line":151,"column":2},"end":{"line":189,"column":5}},"85":{"start":{"line":152,"column":4},"end":{"line":152,"column":54}},"86":{"start":{"line":152,"column":47},"end":{"line":152,"column":54}},"87":{"start":{"line":153,"column":21},"end":{"line":153,"column":41}},"88":{"start":{"line":154,"column":4},"end":{"line":154,"column":26}},"89":{"start":{"line":154,"column":19},"end":{"line":154,"column":26}},"90":{"start":{"line":155,"column":20},"end":{"line":155,"column":25}},"91":{"start":{"line":156,"column":18},"end":{"line":173,"column":5}},"92":{"start":{"line":157,"column":6},"end":{"line":157,"column":26}},"93":{"start":{"line":158,"column":24},"end":{"line":158,"column":82}},"94":{"start":{"line":159,"column":6},"end":{"line":159,"column":57}},"95":{"start":{"line":159,"column":31},"end":{"line":159,"column":55}},"96":{"start":{"line":160,"column":6},"end":{"line":160,"column":28}},"97":{"start":{"line":160,"column":21},"end":{"line":160,"column":28}},"98":{"start":{"line":161,"column":19},"end":{"line":161,"column":64}},"99":{"start":{"line":162,"column":6},"end":{"line":172,"column":7}},"100":{"start":{"line":163,"column":8},"end":{"line":163,"column":32}},"101":{"start":{"line":164,"column":8},"end":{"line":169,"column":15}},"102":{"start":{"line":165,"column":10},"end":{"line":165,"column":48}},"103":{"start":{"line":165,"column":26},"end":{"line":165,"column":48}},"104":{"start":{"line":166,"column":10},"end":{"line":168,"column":16}},"105":{"start":{"line":167,"column":12},"end":{"line":167,"column":49}},"106":{"start":{"line":167,"column":28},"end":{"line":167,"column":49}},"107":{"start":{"line":171,"column":8},"end":{"line":171,"column":29}},"108":{"start":{"line":174,"column":4},"end":{"line":174,"column":12}},"109":{"start":{"line":175,"column":4},"end":{"line":178,"column":6}},"110":{"start":{"line":176,"column":6},"end":{"line":176,"column":23}},"111":{"start":{"line":177,"column":6},"end":{"line":177,"column":27}},"112":{"start":{"line":191,"column":34},"end":{"line":199,"column":3}},"113":{"start":{"line":192,"column":4},"end":{"line":192,"column":26}},"114":{"start":{"line":193,"column":4},"end":{"line":193,"column":31}},"115":{"start":{"line":194,"column":4},"end":{"line":198,"column":5}},"116":{"start":{"line":195,"column":6},"end":{"line":195,"column":25}},"117":{"start":{"line":197,"column":6},"end":{"line":197,"column":23}},"118":{"start":{"line":201,"column":2},"end":{"line":205,"column":64}},"119":{"start":{"line":202,"column":4},"end":{"line":204,"column":5}},"120":{"start":{"line":203,"column":6},"end":{"line":203,"column":29}},"121":{"start":{"line":207,"column":25},"end":{"line":211,"column":3}},"122":{"start":{"line":208,"column":19},"end":{"line":208,"column":29}},"123":{"start":{"line":209,"column":4},"end":{"line":209,"column":25}},"124":{"start":{"line":210,"column":4},"end":{"line":210,"column":46}},"125":{"start":{"line":213,"column":33},"end":{"line":215,"column":3}},"126":{"start":{"line":214,"column":4},"end":{"line":214,"column":52}},"127":{"start":{"line":217,"column":22},"end":{"line":223,"column":3}},"128":{"start":{"line":218,"column":4},"end":{"line":218,"column":54}},"129":{"start":{"line":218,"column":47},"end":{"line":218,"column":54}},"130":{"start":{"line":219,"column":26},"end":{"line":219,"column":60}},"131":{"start":{"line":220,"column":4},"end":{"line":220,"column":31}},"132":{"start":{"line":220,"column":24},"end":{"line":220,"column":31}},"133":{"start":{"line":221,"column":17},"end":{"line":221,"column":56}},"134":{"start":{"line":222,"column":4},"end":{"line":222,"column":60}},"135":{"start":{"line":222,"column":14},"end":{"line":222,"column":60}},"136":{"start":{"line":225,"column":2},"end":{"line":231,"column":26}},"137":{"start":{"line":226,"column":4},"end":{"line":226,"column":26}},"138":{"start":{"line":226,"column":19},"end":{"line":226,"column":26}},"139":{"start":{"line":227,"column":17},"end":{"line":227,"column":44}},"140":{"start":{"line":228,"column":4},"end":{"line":230,"column":5}},"141":{"start":{"line":229,"column":6},"end":{"line":229,"column":24}},"142":{"start":{"line":233,"column":24},"end":{"line":242,"column":3}},"143":{"start":{"line":234,"column":4},"end":{"line":234,"column":36}},"144":{"start":{"line":235,"column":4},"end":{"line":235,"column":34}},"145":{"start":{"line":236,"column":4},"end":{"line":236,"column":35}},"146":{"start":{"line":237,"column":4},"end":{"line":237,"column":37}},"147":{"start":{"line":238,"column":4},"end":{"line":238,"column":28}},"148":{"start":{"line":239,"column":4},"end":{"line":239,"column":23}},"149":{"start":{"line":240,"column":4},"end":{"line":240,"column":29}},"150":{"start":{"line":241,"column":4},"end":{"line":241,"column":32}},"151":{"start":{"line":244,"column":24},"end":{"line":258,"column":31}},"152":{"start":{"line":261,"column":4},"end":{"line":261,"column":85}},"153":{"start":{"line":263,"column":4},"end":{"line":263,"column":84}},"154":{"start":{"line":265,"column":2},"end":{"line":638,"column":4}},"155":{"start":{"line":291,"column":33},"end":{"line":291,"column":65}},"156":{"start":{"line":297,"column":33},"end":{"line":297,"column":65}},"157":{"start":{"line":339,"column":33},"end":{"line":339,"column":72}},"158":{"start":{"line":352,"column":33},"end":{"line":352,"column":72}},"159":{"start":{"line":364,"column":41},"end":{"line":364,"column":66}},"160":{"start":{"line":365,"column":18},"end":{"line":368,"column":21}},"161":{"start":{"line":369,"column":18},"end":{"line":369,"column":63}},"162":{"start":{"line":386,"column":35},"end":{"line":386,"column":71}},"163":{"start":{"line":395,"column":18},"end":{"line":395,"column":58}},"164":{"start":{"line":396,"column":18},"end":{"line":396,"column":52}},"165":{"start":{"line":407,"column":30},"end":{"line":407,"column":67}},"166":{"start":{"line":408,"column":18},"end":{"line":408,"column":53}},"167":{"start":{"line":409,"column":18},"end":{"line":409,"column":52}},"168":{"start":{"line":431,"column":29},"end":{"line":431,"column":50}},"169":{"start":{"line":431,"column":47},"end":{"line":431,"column":49}},"170":{"start":{"line":445,"column":39},"end":{"line":445,"column":74}},"171":{"start":{"line":453,"column":39},"end":{"line":453,"column":76}},"172":{"start":{"line":464,"column":61},"end":{"line":464,"column":71}},"173":{"start":{"line":493,"column":37},"end":{"line":493,"column":96}},"174":{"start":{"line":590,"column":31},"end":{"line":590,"column":94}},"175":{"start":{"line":590,"column":59},"end":{"line":590,"column":92}},"176":{"start":{"line":605,"column":31},"end":{"line":605,"column":75}},"177":{"start":{"line":641,"column":0},"end":{"line":641,"column":19}}},"fnMap":{"0":{"name":"App","decl":{"start":{"line":12,"column":9},"end":{"line":12,"column":12}},"loc":{"start":{"line":12,"column":12},"end":{"line":639,"column":1}}},"1":{"name":"(anonymous_2)","decl":{"start":{"line":14,"column":56},"end":{"line":14,"column":59}},"loc":{"start":{"line":14,"column":62},"end":{"line":14,"column":97}}},"2":{"name":"(anonymous_3)","decl":{"start":{"line":15,"column":53},"end":{"line":15,"column":56}},"loc":{"start":{"line":15,"column":59},"end":{"line":15,"column":90}}},"3":{"name":"(anonymous_4)","decl":{"start":{"line":16,"column":53},"end":{"line":16,"column":56}},"loc":{"start":{"line":16,"column":59},"end":{"line":16,"column":89}}},"4":{"name":"(anonymous_5)","decl":{"start":{"line":17,"column":78},"end":{"line":17,"column":81}},"loc":{"start":{"line":18,"column":4},"end":{"line":18,"column":44}}},"5":{"name":"(anonymous_6)","decl":{"start":{"line":20,"column":54},"end":{"line":20,"column":57}},"loc":{"start":{"line":20,"column":60},"end":{"line":20,"column":90}}},"6":{"name":"(anonymous_7)","decl":{"start":{"line":21,"column":66},"end":{"line":21,"column":69}},"loc":{"start":{"line":22,"column":4},"end":{"line":22,"column":35}}},"7":{"name":"(anonymous_8)","decl":{"start":{"line":24,"column":65},"end":{"line":24,"column":68}},"loc":{"start":{"line":24,"column":70},"end":{"line":30,"column":3}}},"8":{"name":"(anonymous_9)","decl":{"start":{"line":31,"column":64},"end":{"line":31,"column":67}},"loc":{"start":{"line":32,"column":4},"end":{"line":32,"column":40}}},"9":{"name":"(anonymous_10)","decl":{"start":{"line":34,"column":68},"end":{"line":34,"column":71}},"loc":{"start":{"line":35,"column":4},"end":{"line":35,"column":42}}},"10":{"name":"(anonymous_11)","decl":{"start":{"line":39,"column":12},"end":{"line":39,"column":15}},"loc":{"start":{"line":39,"column":17},"end":{"line":41,"column":3}}},"11":{"name":"(anonymous_12)","decl":{"start":{"line":42,"column":12},"end":{"line":42,"column":15}},"loc":{"start":{"line":42,"column":17},"end":{"line":44,"column":3}}},"12":{"name":"(anonymous_13)","decl":{"start":{"line":45,"column":12},"end":{"line":45,"column":15}},"loc":{"start":{"line":45,"column":17},"end":{"line":47,"column":3}}},"13":{"name":"(anonymous_14)","decl":{"start":{"line":48,"column":12},"end":{"line":48,"column":15}},"loc":{"start":{"line":48,"column":17},"end":{"line":50,"column":3}}},"14":{"name":"(anonymous_15)","decl":{"start":{"line":51,"column":12},"end":{"line":51,"column":15}},"loc":{"start":{"line":51,"column":17},"end":{"line":53,"column":3}}},"15":{"name":"(anonymous_16)","decl":{"start":{"line":54,"column":12},"end":{"line":54,"column":15}},"loc":{"start":{"line":54,"column":17},"end":{"line":56,"column":3}}},"16":{"name":"(anonymous_17)","decl":{"start":{"line":57,"column":12},"end":{"line":57,"column":15}},"loc":{"start":{"line":57,"column":17},"end":{"line":59,"column":3}}},"17":{"name":"(anonymous_18)","decl":{"start":{"line":60,"column":12},"end":{"line":60,"column":15}},"loc":{"start":{"line":60,"column":17},"end":{"line":62,"column":3}}},"18":{"name":"(anonymous_19)","decl":{"start":{"line":63,"column":12},"end":{"line":63,"column":15}},"loc":{"start":{"line":63,"column":17},"end":{"line":65,"column":3}}},"19":{"name":"(anonymous_20)","decl":{"start":{"line":98,"column":78},"end":{"line":98,"column":81}},"loc":{"start":{"line":99,"column":4},"end":{"line":99,"column":68}}},"20":{"name":"(anonymous_21)","decl":{"start":{"line":101,"column":12},"end":{"line":101,"column":15}},"loc":{"start":{"line":101,"column":17},"end":{"line":103,"column":3}}},"21":{"name":"(anonymous_22)","decl":{"start":{"line":104,"column":12},"end":{"line":104,"column":15}},"loc":{"start":{"line":104,"column":17},"end":{"line":106,"column":3}}},"22":{"name":"(anonymous_23)","decl":{"start":{"line":113,"column":4},"end":{"line":113,"column":5}},"loc":{"start":{"line":113,"column":19},"end":{"line":123,"column":5}}},"23":{"name":"(anonymous_24)","decl":{"start":{"line":132,"column":4},"end":{"line":132,"column":5}},"loc":{"start":{"line":132,"column":23},"end":{"line":139,"column":5}}},"24":{"name":"(anonymous_25)","decl":{"start":{"line":143,"column":12},"end":{"line":143,"column":15}},"loc":{"start":{"line":143,"column":17},"end":{"line":148,"column":3}}},"25":{"name":"(anonymous_26)","decl":{"start":{"line":145,"column":27},"end":{"line":145,"column":30}},"loc":{"start":{"line":145,"column":33},"end":{"line":145,"column":55}}},"26":{"name":"(anonymous_27)","decl":{"start":{"line":146,"column":13},"end":{"line":146,"column":16}},"loc":{"start":{"line":146,"column":19},"end":{"line":146,"column":34}}},"27":{"name":"(anonymous_28)","decl":{"start":{"line":151,"column":12},"end":{"line":151,"column":15}},"loc":{"start":{"line":151,"column":17},"end":{"line":179,"column":3}}},"28":{"name":"(anonymous_29)","decl":{"start":{"line":156,"column":18},"end":{"line":156,"column":23}},"loc":{"start":{"line":156,"column":29},"end":{"line":173,"column":5}}},"29":{"name":"(anonymous_30)","decl":{"start":{"line":159,"column":24},"end":{"line":159,"column":25}},"loc":{"start":{"line":159,"column":31},"end":{"line":159,"column":55}}},"30":{"name":"(anonymous_31)","decl":{"start":{"line":164,"column":19},"end":{"line":164,"column":22}},"loc":{"start":{"line":164,"column":24},"end":{"line":169,"column":9}}},"31":{"name":"(anonymous_32)","decl":{"start":{"line":166,"column":21},"end":{"line":166,"column":24}},"loc":{"start":{"line":166,"column":26},"end":{"line":168,"column":11}}},"32":{"name":"(anonymous_33)","decl":{"start":{"line":175,"column":11},"end":{"line":175,"column":14}},"loc":{"start":{"line":175,"column":16},"end":{"line":178,"column":5}}},"33":{"name":"(anonymous_34)","decl":{"start":{"line":191,"column":34},"end":{"line":191,"column":35}},"loc":{"start":{"line":191,"column":51},"end":{"line":199,"column":3}}},"34":{"name":"(anonymous_35)","decl":{"start":{"line":201,"column":12},"end":{"line":201,"column":15}},"loc":{"start":{"line":201,"column":17},"end":{"line":205,"column":3}}},"35":{"name":"(anonymous_36)","decl":{"start":{"line":207,"column":25},"end":{"line":207,"column":28}},"loc":{"start":{"line":207,"column":30},"end":{"line":211,"column":3}}},"36":{"name":"(anonymous_37)","decl":{"start":{"line":213,"column":33},"end":{"line":213,"column":34}},"loc":{"start":{"line":213,"column":77},"end":{"line":215,"column":3}}},"37":{"name":"(anonymous_38)","decl":{"start":{"line":217,"column":22},"end":{"line":217,"column":25}},"loc":{"start":{"line":217,"column":27},"end":{"line":223,"column":3}}},"38":{"name":"(anonymous_39)","decl":{"start":{"line":225,"column":12},"end":{"line":225,"column":15}},"loc":{"start":{"line":225,"column":17},"end":{"line":231,"column":3}}},"39":{"name":"(anonymous_40)","decl":{"start":{"line":233,"column":24},"end":{"line":233,"column":27}},"loc":{"start":{"line":233,"column":29},"end":{"line":242,"column":3}}},"40":{"name":"(anonymous_41)","decl":{"start":{"line":291,"column":27},"end":{"line":291,"column":30}},"loc":{"start":{"line":291,"column":33},"end":{"line":291,"column":65}}},"41":{"name":"(anonymous_42)","decl":{"start":{"line":297,"column":27},"end":{"line":297,"column":30}},"loc":{"start":{"line":297,"column":33},"end":{"line":297,"column":65}}},"42":{"name":"(anonymous_43)","decl":{"start":{"line":339,"column":26},"end":{"line":339,"column":27}},"loc":{"start":{"line":339,"column":33},"end":{"line":339,"column":72}}},"43":{"name":"(anonymous_44)","decl":{"start":{"line":352,"column":26},"end":{"line":352,"column":27}},"loc":{"start":{"line":352,"column":33},"end":{"line":352,"column":72}}},"44":{"name":"(anonymous_45)","decl":{"start":{"line":363,"column":26},"end":{"line":363,"column":27}},"loc":{"start":{"line":363,"column":32},"end":{"line":370,"column":17}}},"45":{"name":"(anonymous_46)","decl":{"start":{"line":386,"column":28},"end":{"line":386,"column":29}},"loc":{"start":{"line":386,"column":35},"end":{"line":386,"column":71}}},"46":{"name":"(anonymous_47)","decl":{"start":{"line":394,"column":25},"end":{"line":394,"column":28}},"loc":{"start":{"line":394,"column":30},"end":{"line":397,"column":17}}},"47":{"name":"(anonymous_48)","decl":{"start":{"line":406,"column":25},"end":{"line":406,"column":28}},"loc":{"start":{"line":406,"column":30},"end":{"line":410,"column":17}}},"48":{"name":"(anonymous_49)","decl":{"start":{"line":431,"column":23},"end":{"line":431,"column":26}},"loc":{"start":{"line":431,"column":29},"end":{"line":431,"column":50}}},"49":{"name":"(anonymous_50)","decl":{"start":{"line":431,"column":40},"end":{"line":431,"column":41}},"loc":{"start":{"line":431,"column":47},"end":{"line":431,"column":49}}},"50":{"name":"(anonymous_51)","decl":{"start":{"line":445,"column":32},"end":{"line":445,"column":33}},"loc":{"start":{"line":445,"column":39},"end":{"line":445,"column":74}}},"51":{"name":"(anonymous_52)","decl":{"start":{"line":453,"column":32},"end":{"line":453,"column":33}},"loc":{"start":{"line":453,"column":39},"end":{"line":453,"column":76}}},"52":{"name":"(anonymous_53)","decl":{"start":{"line":464,"column":54},"end":{"line":464,"column":55}},"loc":{"start":{"line":464,"column":61},"end":{"line":464,"column":71}}},"53":{"name":"(anonymous_54)","decl":{"start":{"line":493,"column":26},"end":{"line":493,"column":27}},"loc":{"start":{"line":493,"column":37},"end":{"line":493,"column":96}}},"54":{"name":"(anonymous_55)","decl":{"start":{"line":590,"column":25},"end":{"line":590,"column":28}},"loc":{"start":{"line":590,"column":31},"end":{"line":590,"column":94}}},"55":{"name":"(anonymous_56)","decl":{"start":{"line":590,"column":51},"end":{"line":590,"column":52}},"loc":{"start":{"line":590,"column":59},"end":{"line":590,"column":92}}},"56":{"name":"(anonymous_57)","decl":{"start":{"line":605,"column":25},"end":{"line":605,"column":28}},"loc":{"start":{"line":605,"column":31},"end":{"line":605,"column":75}}}},"branchMap":{"0":{"loc":{"start":{"line":27,"column":11},"end":{"line":29,"column":18}},"type":"cond-expr","locations":[{"start":{"line":28,"column":9},"end":{"line":28,"column":29}},{"start":{"line":29,"column":8},"end":{"line":29,"column":18}}]},"1":{"loc":{"start":{"line":27,"column":11},"end":{"line":27,"column":73}},"type":"binary-expr","locations":[{"start":{"line":27,"column":11},"end":{"line":27,"column":34}},{"start":{"line":27,"column":39},"end":{"line":27,"column":73}}]},"2":{"loc":{"start":{"line":114,"column":6},"end":{"line":114,"column":53}},"type":"if","locations":[{"start":{"line":114,"column":6},"end":{"line":114,"column":53}},{"start":{},"end":{}}]},"3":{"loc":{"start":{"line":118,"column":6},"end":{"line":121,"column":7}},"type":"if","locations":[{"start":{"line":118,"column":6},"end":{"line":121,"column":7}},{"start":{},"end":{}}]},"4":{"loc":{"start":{"line":128,"column":23},"end":{"line":128,"column":61}},"type":"binary-expr","locations":[{"start":{"line":128,"column":23},"end":{"line":128,"column":32}},{"start":{"line":128,"column":36},"end":{"line":128,"column":61}}]},"5":{"loc":{"start":{"line":129,"column":23},"end":{"line":129,"column":61}},"type":"binary-expr","locations":[{"start":{"line":129,"column":23},"end":{"line":129,"column":32}},{"start":{"line":129,"column":36},"end":{"line":129,"column":61}}]},"6":{"loc":{"start":{"line":133,"column":6},"end":{"line":133,"column":29}},"type":"if","locations":[{"start":{"line":133,"column":6},"end":{"line":133,"column":29}},{"start":{},"end":{}}]},"7":{"loc":{"start":{"line":134,"column":6},"end":{"line":137,"column":7}},"type":"if","locations":[{"start":{"line":134,"column":6},"end":{"line":137,"column":7}},{"start":{},"end":{}}]},"8":{"loc":{"start":{"line":134,"column":10},"end":{"line":134,"column":43}},"type":"binary-expr","locations":[{"start":{"line":134,"column":10},"end":{"line":134,"column":19}},{"start":{"line":134,"column":23},"end":{"line":134,"column":43}}]},"9":{"loc":{"start":{"line":144,"column":4},"end":{"line":147,"column":5}},"type":"if","locations":[{"start":{"line":144,"column":4},"end":{"line":147,"column":5}},{"start":{},"end":{}}]},"10":{"loc":{"start":{"line":152,"column":4},"end":{"line":152,"column":54}},"type":"if","locations":[{"start":{"line":152,"column":4},"end":{"line":152,"column":54}},{"start":{},"end":{}}]},"11":{"loc":{"start":{"line":152,"column":8},"end":{"line":152,"column":45}},"type":"binary-expr","locations":[{"start":{"line":152,"column":8},"end":{"line":152,"column":18}},{"start":{"line":152,"column":22},"end":{"line":152,"column":32}},{"start":{"line":152,"column":36},"end":{"line":152,"column":45}}]},"12":{"loc":{"start":{"line":154,"column":4},"end":{"line":154,"column":26}},"type":"if","locations":[{"start":{"line":154,"column":4},"end":{"line":154,"column":26}},{"start":{},"end":{}}]},"13":{"loc":{"start":{"line":158,"column":24},"end":{"line":158,"column":82}},"type":"cond-expr","locations":[{"start":{"line":158,"column":74},"end":{"line":158,"column":76}},{"start":{"line":158,"column":79},"end":{"line":158,"column":82}}]},"14":{"loc":{"start":{"line":158,"column":24},"end":{"line":158,"column":71}},"type":"binary-expr","locations":[{"start":{"line":158,"column":24},"end":{"line":158,"column":44}},{"start":{"line":158,"column":48},"end":{"line":158,"column":71}}]},"15":{"loc":{"start":{"line":160,"column":6},"end":{"line":160,"column":28}},"type":"if","locations":[{"start":{"line":160,"column":6},"end":{"line":160,"column":28}},{"start":{},"end":{}}]},"16":{"loc":{"start":{"line":162,"column":6},"end":{"line":172,"column":7}},"type":"if","locations":[{"start":{"line":162,"column":6},"end":{"line":172,"column":7}},{"start":{"line":170,"column":13},"end":{"line":172,"column":7}}]},"17":{"loc":{"start":{"line":165,"column":10},"end":{"line":165,"column":48}},"type":"if","locations":[{"start":{"line":165,"column":10},"end":{"line":165,"column":48}},{"start":{},"end":{}}]},"18":{"loc":{"start":{"line":167,"column":12},"end":{"line":167,"column":49}},"type":"if","locations":[{"start":{"line":167,"column":12},"end":{"line":167,"column":49}},{"start":{},"end":{}}]},"19":{"loc":{"start":{"line":194,"column":4},"end":{"line":198,"column":5}},"type":"if","locations":[{"start":{"line":194,"column":4},"end":{"line":198,"column":5}},{"start":{"line":196,"column":11},"end":{"line":198,"column":5}}]},"20":{"loc":{"start":{"line":202,"column":4},"end":{"line":204,"column":5}},"type":"if","locations":[{"start":{"line":202,"column":4},"end":{"line":204,"column":5}},{"start":{},"end":{}}]},"21":{"loc":{"start":{"line":202,"column":8},"end":{"line":202,"column":66}},"type":"binary-expr","locations":[{"start":{"line":202,"column":8},"end":{"line":202,"column":18}},{"start":{"line":202,"column":22},"end":{"line":202,"column":42}},{"start":{"line":202,"column":46},"end":{"line":202,"column":66}}]},"22":{"loc":{"start":{"line":210,"column":14},"end":{"line":210,"column":44}},"type":"cond-expr","locations":[{"start":{"line":210,"column":23},"end":{"line":210,"column":30}},{"start":{"line":210,"column":33},"end":{"line":210,"column":44}}]},"23":{"loc":{"start":{"line":218,"column":4},"end":{"line":218,"column":54}},"type":"if","locations":[{"start":{"line":218,"column":4},"end":{"line":218,"column":54}},{"start":{},"end":{}}]},"24":{"loc":{"start":{"line":218,"column":8},"end":{"line":218,"column":45}},"type":"binary-expr","locations":[{"start":{"line":218,"column":8},"end":{"line":218,"column":18}},{"start":{"line":218,"column":22},"end":{"line":218,"column":32}},{"start":{"line":218,"column":36},"end":{"line":218,"column":45}}]},"25":{"loc":{"start":{"line":219,"column":26},"end":{"line":219,"column":60}},"type":"binary-expr","locations":[{"start":{"line":219,"column":26},"end":{"line":219,"column":36}},{"start":{"line":219,"column":40},"end":{"line":219,"column":60}}]},"26":{"loc":{"start":{"line":220,"column":4},"end":{"line":220,"column":31}},"type":"if","locations":[{"start":{"line":220,"column":4},"end":{"line":220,"column":31}},{"start":{},"end":{}}]},"27":{"loc":{"start":{"line":222,"column":4},"end":{"line":222,"column":60}},"type":"if","locations":[{"start":{"line":222,"column":4},"end":{"line":222,"column":60}},{"start":{},"end":{}}]},"28":{"loc":{"start":{"line":226,"column":4},"end":{"line":226,"column":26}},"type":"if","locations":[{"start":{"line":226,"column":4},"end":{"line":226,"column":26}},{"start":{},"end":{}}]},"29":{"loc":{"start":{"line":228,"column":4},"end":{"line":230,"column":5}},"type":"if","locations":[{"start":{"line":228,"column":4},"end":{"line":230,"column":5}},{"start":{},"end":{}}]},"30":{"loc":{"start":{"line":228,"column":8},"end":{"line":228,"column":72}},"type":"binary-expr","locations":[{"start":{"line":228,"column":8},"end":{"line":228,"column":12}},{"start":{"line":228,"column":17},"end":{"line":228,"column":44}},{"start":{"line":228,"column":48},"end":{"line":228,"column":71}}]},"31":{"loc":{"start":{"line":244,"column":24},"end":{"line":258,"column":31}},"type":"cond-expr","locations":[{"start":{"line":245,"column":6},"end":{"line":245,"column":19}},{"start":{"line":246,"column":6},"end":{"line":258,"column":31}}]},"32":{"loc":{"start":{"line":246,"column":6},"end":{"line":258,"column":31}},"type":"cond-expr","locations":[{"start":{"line":247,"column":8},"end":{"line":247,"column":34}},{"start":{"line":248,"column":8},"end":{"line":258,"column":31}}]},"33":{"loc":{"start":{"line":248,"column":8},"end":{"line":258,"column":31}},"type":"cond-expr","locations":[{"start":{"line":249,"column":10},"end":{"line":249,"column":37}},{"start":{"line":250,"column":10},"end":{"line":258,"column":31}}]},"34":{"loc":{"start":{"line":250,"column":10},"end":{"line":258,"column":31}},"type":"cond-expr","locations":[{"start":{"line":251,"column":12},"end":{"line":251,"column":20}},{"start":{"line":252,"column":12},"end":{"line":258,"column":31}}]},"35":{"loc":{"start":{"line":252,"column":12},"end":{"line":258,"column":31}},"type":"cond-expr","locations":[{"start":{"line":253,"column":14},"end":{"line":253,"column":25}},{"start":{"line":254,"column":14},"end":{"line":258,"column":31}}]},"36":{"loc":{"start":{"line":254,"column":14},"end":{"line":258,"column":31}},"type":"cond-expr","locations":[{"start":{"line":255,"column":16},"end":{"line":257,"column":27}},{"start":{"line":258,"column":16},"end":{"line":258,"column":31}}]},"37":{"loc":{"start":{"line":255,"column":16},"end":{"line":257,"column":27}},"type":"cond-expr","locations":[{"start":{"line":256,"column":18},"end":{"line":256,"column":32}},{"start":{"line":257,"column":18},"end":{"line":257,"column":27}}]},"38":{"loc":{"start":{"line":261,"column":4},"end":{"line":261,"column":85}},"type":"cond-expr","locations":[{"start":{"line":261,"column":44},"end":{"line":261,"column":53}},{"start":{"line":261,"column":56},"end":{"line":261,"column":85}}]},"39":{"loc":{"start":{"line":261,"column":4},"end":{"line":261,"column":41}},"type":"binary-expr","locations":[{"start":{"line":261,"column":4},"end":{"line":261,"column":27}},{"start":{"line":261,"column":31},"end":{"line":261,"column":41}}]},"40":{"loc":{"start":{"line":261,"column":56},"end":{"line":261,"column":85}},"type":"cond-expr","locations":[{"start":{"line":261,"column":68},"end":{"line":261,"column":73}},{"start":{"line":261,"column":76},"end":{"line":261,"column":85}}]},"41":{"loc":{"start":{"line":263,"column":4},"end":{"line":263,"column":84}},"type":"cond-expr","locations":[{"start":{"line":263,"column":44},"end":{"line":263,"column":53}},{"start":{"line":263,"column":56},"end":{"line":263,"column":84}}]},"42":{"loc":{"start":{"line":263,"column":4},"end":{"line":263,"column":41}},"type":"binary-expr","locations":[{"start":{"line":263,"column":4},"end":{"line":263,"column":27}},{"start":{"line":263,"column":31},"end":{"line":263,"column":41}}]},"43":{"loc":{"start":{"line":263,"column":56},"end":{"line":263,"column":84}},"type":"cond-expr","locations":[{"start":{"line":263,"column":68},"end":{"line":263,"column":72}},{"start":{"line":263,"column":75},"end":{"line":263,"column":84}}]},"44":{"loc":{"start":{"line":290,"column":59},"end":{"line":290,"column":98}},"type":"cond-expr","locations":[{"start":{"line":290,"column":85},"end":{"line":290,"column":93}},{"start":{"line":290,"column":96},"end":{"line":290,"column":98}}]},"45":{"loc":{"start":{"line":296,"column":59},"end":{"line":296,"column":98}},"type":"cond-expr","locations":[{"start":{"line":296,"column":85},"end":{"line":296,"column":93}},{"start":{"line":296,"column":96},"end":{"line":296,"column":98}}]},"46":{"loc":{"start":{"line":309,"column":13},"end":{"line":327,"column":null}},"type":"binary-expr","locations":[{"start":{"line":309,"column":13},"end":{"line":309,"column":22}},{"start":{"line":310,"column":14},"end":{"line":326,"column":null}}]},"47":{"loc":{"start":{"line":339,"column":46},"end":{"line":339,"column":71}},"type":"binary-expr","locations":[{"start":{"line":339,"column":46},"end":{"line":339,"column":60}},{"start":{"line":339,"column":64},"end":{"line":339,"column":71}}]},"48":{"loc":{"start":{"line":352,"column":46},"end":{"line":352,"column":71}},"type":"binary-expr","locations":[{"start":{"line":352,"column":46},"end":{"line":352,"column":60}},{"start":{"line":352,"column":64},"end":{"line":352,"column":71}}]},"49":{"loc":{"start":{"line":362,"column":26},"end":{"line":362,"column":51}},"type":"binary-expr","locations":[{"start":{"line":362,"column":26},"end":{"line":362,"column":36}},{"start":{"line":362,"column":40},"end":{"line":362,"column":51}}]},"50":{"loc":{"start":{"line":366,"column":23},"end":{"line":366,"column":71}},"type":"cond-expr","locations":[{"start":{"line":366,"column":46},"end":{"line":366,"column":50}},{"start":{"line":366,"column":53},"end":{"line":366,"column":71}}]},"51":{"loc":{"start":{"line":369,"column":28},"end":{"line":369,"column":61}},"type":"cond-expr","locations":[{"start":{"line":369,"column":40},"end":{"line":369,"column":47}},{"start":{"line":369,"column":50},"end":{"line":369,"column":61}}]},"52":{"loc":{"start":{"line":438,"column":13},"end":{"line":467,"column":null}},"type":"binary-expr","locations":[{"start":{"line":438,"column":13},"end":{"line":438,"column":20}},{"start":{"line":439,"column":14},"end":{"line":466,"column":null}}]},"53":{"loc":{"start":{"line":461,"column":36},"end":{"line":461,"column":60}},"type":"binary-expr","locations":[{"start":{"line":461,"column":36},"end":{"line":461,"column":50}},{"start":{"line":461,"column":54},"end":{"line":461,"column":60}}]},"54":{"loc":{"start":{"line":490,"column":13},"end":{"line":494,"column":null}},"type":"binary-expr","locations":[{"start":{"line":490,"column":13},"end":{"line":490,"column":29}},{"start":{"line":491,"column":14},"end":{"line":493,"column":null}}]},"55":{"loc":{"start":{"line":499,"column":17},"end":{"line":500,"column":null}},"type":"binary-expr","locations":[{"start":{"line":499,"column":17},"end":{"line":499,"column":26}},{"start":{"line":499,"column":30},"end":{"line":499,"column":50}},{"start":{"line":499,"column":54},"end":{"line":499,"column":65}},{"start":{"line":499,"column":69},"end":{"line":499,"column":79}},{"start":{"line":500,"column":18},"end":{"line":500,"column":100}}]},"56":{"loc":{"start":{"line":500,"column":60},"end":{"line":500,"column":92}},"type":"cond-expr","locations":[{"start":{"line":500,"column":73},"end":{"line":500,"column":83}},{"start":{"line":500,"column":86},"end":{"line":500,"column":92}}]},"57":{"loc":{"start":{"line":502,"column":17},"end":{"line":503,"column":null}},"type":"binary-expr","locations":[{"start":{"line":502,"column":17},"end":{"line":502,"column":24}},{"start":{"line":502,"column":28},"end":{"line":502,"column":39}},{"start":{"line":502,"column":43},"end":{"line":502,"column":53}},{"start":{"line":503,"column":18},"end":{"line":503,"column":90}}]},"58":{"loc":{"start":{"line":505,"column":17},"end":{"line":508,"column":null}},"type":"binary-expr","locations":[{"start":{"line":505,"column":18},"end":{"line":505,"column":28}},{"start":{"line":505,"column":32},"end":{"line":505,"column":41}},{"start":{"line":506,"column":18},"end":{"line":507,"column":null}}]},"59":{"loc":{"start":{"line":514,"column":29},"end":{"line":514,"column":75}},"type":"cond-expr","locations":[{"start":{"line":514,"column":48},"end":{"line":514,"column":60}},{"start":{"line":514,"column":63},"end":{"line":514,"column":75}}]},"60":{"loc":{"start":{"line":517,"column":32},"end":{"line":517,"column":90}},"type":"cond-expr","locations":[{"start":{"line":517,"column":63},"end":{"line":517,"column":75}},{"start":{"line":517,"column":78},"end":{"line":517,"column":90}}]},"61":{"loc":{"start":{"line":520,"column":29},"end":{"line":520,"column":58}},"type":"cond-expr","locations":[{"start":{"line":520,"column":41},"end":{"line":520,"column":48}},{"start":{"line":520,"column":51},"end":{"line":520,"column":58}}]},"62":{"loc":{"start":{"line":523,"column":17},"end":{"line":529,"column":null}},"type":"binary-expr","locations":[{"start":{"line":523,"column":17},"end":{"line":523,"column":47}},{"start":{"line":524,"column":18},"end":{"line":528,"column":null}}]},"63":{"loc":{"start":{"line":535,"column":71},"end":{"line":535,"column":139}},"type":"cond-expr","locations":[{"start":{"line":535,"column":126},"end":{"line":535,"column":134}},{"start":{"line":535,"column":137},"end":{"line":535,"column":139}}]},"64":{"loc":{"start":{"line":535,"column":71},"end":{"line":535,"column":123}},"type":"binary-expr","locations":[{"start":{"line":535,"column":71},"end":{"line":535,"column":94}},{"start":{"line":535,"column":98},"end":{"line":535,"column":109}},{"start":{"line":535,"column":113},"end":{"line":535,"column":123}}]},"65":{"loc":{"start":{"line":535,"column":143},"end":{"line":535,"column":172}},"type":"cond-expr","locations":[{"start":{"line":535,"column":158},"end":{"line":535,"column":167}},{"start":{"line":535,"column":170},"end":{"line":535,"column":172}}]},"66":{"loc":{"start":{"line":540,"column":71},"end":{"line":540,"column":139}},"type":"cond-expr","locations":[{"start":{"line":540,"column":126},"end":{"line":540,"column":134}},{"start":{"line":540,"column":137},"end":{"line":540,"column":139}}]},"67":{"loc":{"start":{"line":540,"column":71},"end":{"line":540,"column":123}},"type":"binary-expr","locations":[{"start":{"line":540,"column":71},"end":{"line":540,"column":94}},{"start":{"line":540,"column":98},"end":{"line":540,"column":109}},{"start":{"line":540,"column":113},"end":{"line":540,"column":123}}]},"68":{"loc":{"start":{"line":540,"column":143},"end":{"line":540,"column":172}},"type":"cond-expr","locations":[{"start":{"line":540,"column":158},"end":{"line":540,"column":167}},{"start":{"line":540,"column":170},"end":{"line":540,"column":172}}]},"69":{"loc":{"start":{"line":570,"column":13},"end":{"line":574,"column":null}},"type":"binary-expr","locations":[{"start":{"line":570,"column":14},"end":{"line":570,"column":24}},{"start":{"line":570,"column":28},"end":{"line":570,"column":37}},{"start":{"line":571,"column":14},"end":{"line":573,"column":null}}]},"70":{"loc":{"start":{"line":576,"column":13},"end":{"line":582,"column":null}},"type":"binary-expr","locations":[{"start":{"line":576,"column":13},"end":{"line":576,"column":43}},{"start":{"line":577,"column":14},"end":{"line":581,"column":null}}]},"71":{"loc":{"start":{"line":590,"column":59},"end":{"line":590,"column":92}},"type":"cond-expr","locations":[{"start":{"line":590,"column":75},"end":{"line":590,"column":82}},{"start":{"line":590,"column":85},"end":{"line":590,"column":92}}]},"72":{"loc":{"start":{"line":605,"column":41},"end":{"line":605,"column":74}},"type":"cond-expr","locations":[{"start":{"line":605,"column":53},"end":{"line":605,"column":60}},{"start":{"line":605,"column":63},"end":{"line":605,"column":74}}]},"73":{"loc":{"start":{"line":613,"column":26},"end":{"line":613,"column":63}},"type":"binary-expr","locations":[{"start":{"line":613,"column":26},"end":{"line":613,"column":36}},{"start":{"line":613,"column":40},"end":{"line":613,"column":50}},{"start":{"line":613,"column":54},"end":{"line":613,"column":63}}]}},"s":{"0":0,"1":0,"2":0,"3":0,"4":0,"5":0,"6":0,"7":0,"8":0,"9":0,"10":0,"11":0,"12":0,"13":0,"14":0,"15":0,"16":0,"17":0,"18":0,"19":0,"20":0,"21":0,"22":0,"23":0,"24":0,"25":0,"26":0,"27":0,"28":0,"29":0,"30":0,"31":0,"32":0,"33":0,"34":0,"35":0,"36":0,"37":0,"38":0,"39":0,"40":0,"41":0,"42":0,"43":0,"44":0,"45":0,"46":0,"47":0,"48":0,"49":0,"50":0,"51":0,"52":0,"53":0,"54":0,"55":0,"56":0,"57":0,"58":0,"59":0,"60":0,"61":0,"62":0,"63":0,"64":0,"65":0,"66":0,"67":0,"68":0,"69":0,"70":0,"71":0,"72":0,"73":0,"74":0,"75":0,"76":0,"77":0,"78":0,"79":0,"80":0,"81":0,"82":0,"83":0,"84":0,"85":0,"86":0,"87":0,"88":0,"89":0,"90":0,"91":0,"92":0,"93":0,"94":0,"95":0,"96":0,"97":0,"98":0,"99":0,"100":0,"101":0,"102":0,"103":0,"104":0,"105":0,"106":0,"107":0,"108":0,"109":0,"110":0,"111":0,"112":0,"113":0,"114":0,"115":0,"116":0,"117":0,"118":0,"119":0,"120":0,"121":0,"122":0,"123":0,"124":0,"125":0,"126":0,"127":0,"128":0,"129":0,"130":0,"131":0,"132":0,"133":0,"134":0,"135":0,"136":0,"137":0,"138":0,"139":0,"140":0,"141":0,"142":0,"143":0,"144":0,"145":0,"146":0,"147":0,"148":0,"149":0,"150":0,"151":0,"152":0,"153":0,"154":0,"155":0,"156":0,"157":0,"158":0,"159":0,"160":0,"161":0,"162":0,"163":0,"164":0,"165":0,"166":0,"167":0,"168":0,"169":0,"170":0,"171":0,"172":0,"173":0,"174":0,"175":0,"176":0,"177":0},"f":{"0":0,"1":0,"2":0,"3":0,"4":0,"5":0,"6":0,"7":0,"8":0,"9":0,"10":0,"11":0,"12":0,"13":0,"14":0,"15":0,"16":0,"17":0,"18":0,"19":0,"20":0,"21":0,"22":0,"23":0,"24":0,"25":0,"26":0,"27":0,"28":0,"29":0,"30":0,"31":0,"32":0,"33":0,"34":0,"35":0,"36":0,"37":0,"38":0,"39":0,"40":0,"41":0,"42":0,"43":0,"44":0,"45":0,"46":0,"47":0,"48":0,"49":0,"50":0,"51":0,"52":0,"53":0,"54":0,"55":0,"56":0},"b":{"0":[0,0],"1":[0,0],"2":[0,0],"3":[0,0],"4":[0,0],"5":[0,0],"6":[0,0],"7":[0,0],"8":[0,0],"9":[0,0],"10":[0,0],"11":[0,0,0],"12":[0,0],"13":[0,0],"14":[0,0],"15":[0,0],"16":[0,0],"17":[0,0],"18":[0,0],"19":[0,0],"20":[0,0],"21":[0,0,0],"22":[0,0],"23":[0,0],"24":[0,0,0],"25":[0,0],"26":[0,0],"27":[0,0],"28":[0,0],"29":[0,0],"30":[0,0,0],"31":[0,0],"32":[0,0],"33":[0,0],"34":[0,0],"35":[0,0],"36":[0,0],"37":[0,0],"38":[0,0],"39":[0,0],"40":[0,0],"41":[0,0],"42":[0,0],"43":[0,0],"44":[0,0],"45":[0,0],"46":[0,0],"47":[0,0],"48":[0,0],"49":[0,0],"50":[0,0],"51":[0,0],"52":[0,0],"53":[0,0],"54":[0,0],"55":[0,0,0,0,0],"56":[0,0],"57":[0,0,0,0],"58":[0,0,0],"59":[0,0],"60":[0,0],"61":[0,0],"62":[0,0],"63":[0,0],"64":[0,0,0],"65":[0,0],"66":[0,0],"67":[0,0,0],"68":[0,0],"69":[0,0,0],"70":[0,0],"71":[0,0],"72":[0,0],"73":[0,0,0]}}
,"/Users/rumen/Develop/react-chess/src/components/ChessBoard/ChessBoard.tsx": {"path":"/Users/rumen/Develop/react-chess/src/components/ChessBoard/ChessBoard.tsx","statementMap":{"0":{"start":{"line":23,"column":0},"end":{"line":23,"column":16}},"1":{"start":{"line":1,"column":0},"end":{"line":1,"column":32}},"2":{"start":{"line":3,"column":0},"end":{"line":3,"column":34}},"3":{"start":{"line":4,"column":0},"end":{"line":4,"column":57}},"4":{"start":{"line":5,"column":0},"end":{"line":5,"column":27}},"5":{"start":{"line":38,"column":28},"end":{"line":49,"column":28}},"6":{"start":{"line":39,"column":4},"end":{"line":39,"column":30}},"7":{"start":{"line":39,"column":18},"end":{"line":39,"column":30}},"8":{"start":{"line":40,"column":4},"end":{"line":47,"column":5}},"9":{"start":{"line":40,"column":19},"end":{"line":40,"column":20}},"10":{"start":{"line":41,"column":6},"end":{"line":46,"column":7}},"11":{"start":{"line":41,"column":21},"end":{"line":41,"column":22}},"12":{"start":{"line":42,"column":22},"end":{"line":42,"column":37}},"13":{"start":{"line":43,"column":8},"end":{"line":45,"column":9}},"14":{"start":{"line":44,"column":10},"end":{"line":44,"column":54}},"15":{"start":{"line":48,"column":4},"end":{"line":48,"column":16}},"16":{"start":{"line":51,"column":20},"end":{"line":116,"column":4}},"17":{"start":{"line":52,"column":36},"end":{"line":52,"column":38}},"18":{"start":{"line":55,"column":21},"end":{"line":55,"column":98}},"19":{"start":{"line":57,"column":6},"end":{"line":59,"column":34}},"20":{"start":{"line":61,"column":4},"end":{"line":100,"column":5}},"21":{"start":{"line":62,"column":41},"end":{"line":62,"column":43}},"22":{"start":{"line":63,"column":6},"end":{"line":94,"column":7}},"23":{"start":{"line":64,"column":23},"end":{"line":64,"column":55}},"24":{"start":{"line":65,"column":22},"end":{"line":65,"column":33}},"25":{"start":{"line":66,"column":24},"end":{"line":66,"column":41}},"26":{"start":{"line":67,"column":27},"end":{"line":67,"column":52}},"27":{"start":{"line":68,"column":28},"end":{"line":68,"column":67}},"28":{"start":{"line":68,"column":51},"end":{"line":68,"column":66}},"29":{"start":{"line":69,"column":33},"end":{"line":69,"column":97}},"30":{"start":{"line":70,"column":30},"end":{"line":70,"column":58}},"31":{"start":{"line":71,"column":30},"end":{"line":71,"column":76}},"32":{"start":{"line":72,"column":27},"end":{"line":72,"column":52}},"33":{"start":{"line":73,"column":25},"end":{"line":73,"column":48}},"34":{"start":{"line":74,"column":8},"end":{"line":93,"column":10}},"35":{"start":{"line":95,"column":6},"end":{"line":99,"column":8}},"36":{"start":{"line":101,"column":4},"end":{"line":101,"column":16}},"37":{"start":{"line":118,"column":26},"end":{"line":121,"column":19}},"38":{"start":{"line":119,"column":18},"end":{"line":119,"column":58}},"39":{"start":{"line":120,"column":4},"end":{"line":120,"column":66}},"40":{"start":{"line":123,"column":26},"end":{"line":126,"column":19}},"41":{"start":{"line":124,"column":18},"end":{"line":124,"column":42}},"42":{"start":{"line":125,"column":4},"end":{"line":125,"column":66}},"43":{"start":{"line":128,"column":2},"end":{"line":150,"column":4}},"44":{"start":{"line":134,"column":14},"end":{"line":134,"column":30}},"45":{"start":{"line":141,"column":14},"end":{"line":141,"column":30}},"46":{"start":{"line":153,"column":0},"end":{"line":153,"column":26}}},"fnMap":{"0":{"name":"ChessBoard","decl":{"start":{"line":23,"column":16},"end":{"line":23,"column":26}},"loc":{"start":{"line":37,"column":18},"end":{"line":151,"column":1}}},"1":{"name":"(anonymous_1)","decl":{"start":{"line":38,"column":36},"end":{"line":38,"column":39}},"loc":{"start":{"line":38,"column":41},"end":{"line":49,"column":3}}},"2":{"name":"(anonymous_2)","decl":{"start":{"line":51,"column":28},"end":{"line":51,"column":31}},"loc":{"start":{"line":51,"column":33},"end":{"line":102,"column":3}}},"3":{"name":"(anonymous_3)","decl":{"start":{"line":68,"column":44},"end":{"line":68,"column":45}},"loc":{"start":{"line":68,"column":51},"end":{"line":68,"column":66}}},"4":{"name":"(anonymous_4)","decl":{"start":{"line":118,"column":34},"end":{"line":118,"column":37}},"loc":{"start":{"line":118,"column":39},"end":{"line":121,"column":3}}},"5":{"name":"(anonymous_5)","decl":{"start":{"line":123,"column":34},"end":{"line":123,"column":37}},"loc":{"start":{"line":123,"column":39},"end":{"line":126,"column":3}}},"6":{"name":"(anonymous_6)","decl":{"start":{"line":133,"column":33},"end":{"line":133,"column":34}},"loc":{"start":{"line":134,"column":14},"end":{"line":134,"column":30}}},"7":{"name":"(anonymous_7)","decl":{"start":{"line":140,"column":33},"end":{"line":140,"column":34}},"loc":{"start":{"line":141,"column":14},"end":{"line":141,"column":30}}}},"branchMap":{"0":{"loc":{"start":{"line":31,"column":2},"end":{"line":31,"column":23}},"type":"default-arg","locations":[{"start":{"line":31,"column":16},"end":{"line":31,"column":23}}]},"1":{"loc":{"start":{"line":32,"column":2},"end":{"line":32,"column":24}},"type":"default-arg","locations":[{"start":{"line":32,"column":20},"end":{"line":32,"column":24}}]},"2":{"loc":{"start":{"line":33,"column":2},"end":{"line":33,"column":31}},"type":"default-arg","locations":[{"start":{"line":33,"column":26},"end":{"line":33,"column":31}}]},"3":{"loc":{"start":{"line":34,"column":2},"end":{"line":34,"column":17}},"type":"default-arg","locations":[{"start":{"line":34,"column":13},"end":{"line":34,"column":17}}]},"4":{"loc":{"start":{"line":35,"column":2},"end":{"line":35,"column":24}},"type":"default-arg","locations":[{"start":{"line":35,"column":19},"end":{"line":35,"column":24}}]},"5":{"loc":{"start":{"line":36,"column":2},"end":{"line":36,"column":26}},"type":"default-arg","locations":[{"start":{"line":36,"column":21},"end":{"line":36,"column":26}}]},"6":{"loc":{"start":{"line":39,"column":4},"end":{"line":39,"column":30}},"type":"if","locations":[{"start":{"line":39,"column":4},"end":{"line":39,"column":30}},{"start":{},"end":{}}]},"7":{"loc":{"start":{"line":43,"column":8},"end":{"line":45,"column":9}},"type":"if","locations":[{"start":{"line":43,"column":8},"end":{"line":45,"column":9}},{"start":{},"end":{}}]},"8":{"loc":{"start":{"line":43,"column":12},"end":{"line":43,"column":58}},"type":"binary-expr","locations":[{"start":{"line":43,"column":12},"end":{"line":43,"column":34}},{"start":{"line":43,"column":38},"end":{"line":43,"column":58}}]},"9":{"loc":{"start":{"line":55,"column":21},"end":{"line":55,"column":98}},"type":"cond-expr","locations":[{"start":{"line":55,"column":47},"end":{"line":55,"column":71}},{"start":{"line":55,"column":74},"end":{"line":55,"column":98}}]},"10":{"loc":{"start":{"line":57,"column":6},"end":{"line":59,"column":34}},"type":"cond-expr","locations":[{"start":{"line":58,"column":10},"end":{"line":58,"column":34}},{"start":{"line":59,"column":10},"end":{"line":59,"column":34}}]},"11":{"loc":{"start":{"line":69,"column":33},"end":{"line":69,"column":97}},"type":"binary-expr","locations":[{"start":{"line":69,"column":33},"end":{"line":69,"column":41}},{"start":{"line":69,"column":46},"end":{"line":69,"column":70}},{"start":{"line":69,"column":74},"end":{"line":69,"column":96}}]},"12":{"loc":{"start":{"line":71,"column":30},"end":{"line":71,"column":76}},"type":"binary-expr","locations":[{"start":{"line":71,"column":30},"end":{"line":71,"column":51}},{"start":{"line":71,"column":55},"end":{"line":71,"column":76}}]},"13":{"loc":{"start":{"line":90,"column":14},"end":{"line":90,"column":99}},"type":"cond-expr","locations":[{"start":{"line":90,"column":33},"end":{"line":90,"column":87}},{"start":{"line":90,"column":90},"end":{"line":90,"column":99}}]},"14":{"loc":{"start":{"line":120,"column":11},"end":{"line":120,"column":65}},"type":"cond-expr","locations":[{"start":{"line":120,"column":37},"end":{"line":120,"column":42}},{"start":{"line":120,"column":45},"end":{"line":120,"column":65}}]},"15":{"loc":{"start":{"line":125,"column":11},"end":{"line":125,"column":65}},"type":"cond-expr","locations":[{"start":{"line":125,"column":37},"end":{"line":125,"column":42}},{"start":{"line":125,"column":45},"end":{"line":125,"column":65}}]},"16":{"loc":{"start":{"line":130,"column":7},"end":{"line":146,"column":null}},"type":"binary-expr","locations":[{"start":{"line":130,"column":7},"end":{"line":130,"column":22}},{"start":{"line":131,"column":8},"end":{"line":145,"column":null}}]}},"s":{"0":0,"1":0,"2":0,"3":0,"4":0,"5":0,"6":0,"7":0,"8":0,"9":0,"10":0,"11":0,"12":0,"13":0,"14":0,"15":0,"16":0,"17":0,"18":0,"19":0,"20":0,"21":0,"22":0,"23":0,"24":0,"25":0,"26":0,"27":0,"28":0,"29":0,"30":0,"31":0,"32":0,"33":0,"34":0,"35":0,"36":0,"37":0,"38":0,"39":0,"40":0,"41":0,"42":0,"43":0,"44":0,"45":0,"46":0},"f":{"0":0,"1":0,"2":0,"3":0,"4":0,"5":0,"6":0,"7":0},"b":{"0":[0],"1":[0],"2":[0],"3":[0],"4":[0],"5":[0],"6":[0,0],"7":[0,0],"8":[0,0],"9":[0,0],"10":[0,0],"11":[0,0,0],"12":[0,0],"13":[0,0],"14":[0,0],"15":[0,0],"16":[0,0]}}
,"/Users/rumen/Develop/react-chess/src/components/ChessBoard/Square.tsx": {"path":"/Users/rumen/Develop/react-chess/src/components/ChessBoard/Square.tsx","statementMap":{"0":{"start":{"line":66,"column":0},"end":{"line":66,"column":16}},"1":{"start":{"line":2,"column":0},"end":{"line":2,"column":23}},"2":{"start":{"line":82,"column":22},"end":{"line":84,"column":3}},"3":{"start":{"line":83,"column":4},"end":{"line":83,"column":20}},"4":{"start":{"line":86,"column":24},"end":{"line":91,"column":3}},"5":{"start":{"line":87,"column":4},"end":{"line":90,"column":5}},"6":{"start":{"line":88,"column":6},"end":{"line":88,"column":25}},"7":{"start":{"line":89,"column":6},"end":{"line":89,"column":22}},"8":{"start":{"line":93,"column":21},"end":{"line":105,"column":14}},"9":{"start":{"line":107,"column":16},"end":{"line":107,"column":78}},"10":{"start":{"line":109,"column":2},"end":{"line":154,"column":4}},"11":{"start":{"line":122,"column":30},"end":{"line":122,"column":65}},"12":{"start":{"line":123,"column":50},"end":{"line":130,"column":12}},"13":{"start":{"line":131,"column":27},"end":{"line":131,"column":70}},"14":{"start":{"line":132,"column":10},"end":{"line":139,"column":12}},"15":{"start":{"line":157,"column":0},"end":{"line":157,"column":22}}},"fnMap":{"0":{"name":"Square","decl":{"start":{"line":66,"column":16},"end":{"line":66,"column":22}},"loc":{"start":{"line":81,"column":14},"end":{"line":155,"column":1}}},"1":{"name":"(anonymous_1)","decl":{"start":{"line":82,"column":22},"end":{"line":82,"column":25}},"loc":{"start":{"line":82,"column":27},"end":{"line":84,"column":3}}},"2":{"name":"(anonymous_2)","decl":{"start":{"line":86,"column":24},"end":{"line":86,"column":25}},"loc":{"start":{"line":86,"column":51},"end":{"line":91,"column":3}}},"3":{"name":"(anonymous_3)","decl":{"start":{"line":121,"column":9},"end":{"line":121,"column":12}},"loc":{"start":{"line":121,"column":14},"end":{"line":140,"column":9}}}},"branchMap":{"0":{"loc":{"start":{"line":76,"column":2},"end":{"line":76,"column":23}},"type":"default-arg","locations":[{"start":{"line":76,"column":18},"end":{"line":76,"column":23}}]},"1":{"loc":{"start":{"line":77,"column":2},"end":{"line":77,"column":20}},"type":"default-arg","locations":[{"start":{"line":77,"column":15},"end":{"line":77,"column":20}}]},"2":{"loc":{"start":{"line":78,"column":2},"end":{"line":78,"column":18}},"type":"default-arg","locations":[{"start":{"line":78,"column":13},"end":{"line":78,"column":18}}]},"3":{"loc":{"start":{"line":79,"column":2},"end":{"line":79,"column":24}},"type":"default-arg","locations":[{"start":{"line":79,"column":19},"end":{"line":79,"column":24}}]},"4":{"loc":{"start":{"line":87,"column":4},"end":{"line":90,"column":5}},"type":"if","locations":[{"start":{"line":87,"column":4},"end":{"line":90,"column":5}},{"start":{},"end":{}}]},"5":{"loc":{"start":{"line":87,"column":8},"end":{"line":87,"column":42}},"type":"binary-expr","locations":[{"start":{"line":87,"column":8},"end":{"line":87,"column":25}},{"start":{"line":87,"column":29},"end":{"line":87,"column":42}}]},"6":{"loc":{"start":{"line":95,"column":4},"end":{"line":95,"column":58}},"type":"cond-expr","locations":[{"start":{"line":95,"column":14},"end":{"line":95,"column":35}},{"start":{"line":95,"column":38},"end":{"line":95,"column":58}}]},"7":{"loc":{"start":{"line":96,"column":4},"end":{"line":96,"column":42}},"type":"binary-expr","locations":[{"start":{"line":96,"column":4},"end":{"line":96,"column":14}},{"start":{"line":96,"column":18},"end":{"line":96,"column":42}}]},"8":{"loc":{"start":{"line":97,"column":4},"end":{"line":97,"column":45}},"type":"binary-expr","locations":[{"start":{"line":97,"column":4},"end":{"line":97,"column":15}},{"start":{"line":97,"column":19},"end":{"line":97,"column":45}}]},"9":{"loc":{"start":{"line":98,"column":4},"end":{"line":98,"column":43}},"type":"binary-expr","locations":[{"start":{"line":98,"column":4},"end":{"line":98,"column":14}},{"start":{"line":98,"column":18},"end":{"line":98,"column":43}}]},"10":{"loc":{"start":{"line":99,"column":4},"end":{"line":99,"column":36}},"type":"binary-expr","locations":[{"start":{"line":99,"column":4},"end":{"line":99,"column":11}},{"start":{"line":99,"column":15},"end":{"line":99,"column":36}}]},"11":{"loc":{"start":{"line":100,"column":4},"end":{"line":100,"column":49}},"type":"binary-expr","locations":[{"start":{"line":100,"column":4},"end":{"line":100,"column":17}},{"start":{"line":100,"column":21},"end":{"line":100,"column":49}}]},"12":{"loc":{"start":{"line":101,"column":4},"end":{"line":101,"column":43}},"type":"binary-expr","locations":[{"start":{"line":101,"column":4},"end":{"line":101,"column":14}},{"start":{"line":101,"column":18},"end":{"line":101,"column":43}}]},"13":{"loc":{"start":{"line":102,"column":4},"end":{"line":102,"column":39}},"type":"binary-expr","locations":[{"start":{"line":102,"column":4},"end":{"line":102,"column":12}},{"start":{"line":102,"column":16},"end":{"line":102,"column":39}}]},"14":{"loc":{"start":{"line":107,"column":16},"end":{"line":107,"column":78}},"type":"cond-expr","locations":[{"start":{"line":107,"column":23},"end":{"line":107,"column":66}},{"start":{"line":107,"column":69},"end":{"line":107,"column":78}}]},"15":{"loc":{"start":{"line":116,"column":37},"end":{"line":116,"column":89}},"type":"cond-expr","locations":[{"start":{"line":116,"column":45},"end":{"line":116,"column":77}},{"start":{"line":116,"column":80},"end":{"line":116,"column":89}}]},"16":{"loc":{"start":{"line":120,"column":7},"end":{"line":140,"column":12}},"type":"binary-expr","locations":[{"start":{"line":120,"column":7},"end":{"line":120,"column":12}},{"start":{"line":121,"column":8},"end":{"line":140,"column":12}}]},"17":{"loc":{"start":{"line":122,"column":30},"end":{"line":122,"column":65}},"type":"cond-expr","locations":[{"start":{"line":122,"column":56},"end":{"line":122,"column":59}},{"start":{"line":122,"column":62},"end":{"line":122,"column":65}}]},"18":{"loc":{"start":{"line":141,"column":7},"end":{"line":144,"column":null}},"type":"binary-expr","locations":[{"start":{"line":141,"column":7},"end":{"line":141,"column":12}},{"start":{"line":141,"column":16},"end":{"line":141,"column":30}},{"start":{"line":142,"column":8},"end":{"line":143,"column":null}}]},"19":{"loc":{"start":{"line":146,"column":7},"end":{"line":149,"column":null}},"type":"binary-expr","locations":[{"start":{"line":146,"column":7},"end":{"line":146,"column":16}},{"start":{"line":147,"column":8},"end":{"line":148,"column":null}}]},"20":{"loc":{"start":{"line":151,"column":7},"end":{"line":151,"column":80}},"type":"binary-expr","locations":[{"start":{"line":151,"column":7},"end":{"line":151,"column":18}},{"start":{"line":151,"column":22},"end":{"line":151,"column":28}},{"start":{"line":151,"column":32},"end":{"line":151,"column":80}}]},"21":{"loc":{"start":{"line":152,"column":7},"end":{"line":152,"column":82}},"type":"binary-expr","locations":[{"start":{"line":152,"column":7},"end":{"line":152,"column":18}},{"start":{"line":152,"column":22},"end":{"line":152,"column":27}},{"start":{"line":152,"column":31},"end":{"line":152,"column":82}}]}},"s":{"0":0,"1":0,"2":0,"3":0,"4":0,"5":0,"6":0,"7":0,"8":0,"9":0,"10":0,"11":0,"12":0,"13":0,"14":0,"15":0},"f":{"0":0,"1":0,"2":0,"3":0},"b":{"0":[0],"1":[0],"2":[0],"3":[0],"4":[0,0],"5":[0,0],"6":[0,0],"7":[0,0],"8":[0,0],"9":[0,0],"10":[0,0],"11":[0,0],"12":[0,0],"13":[0,0],"14":[0,0],"15":[0,0],"16":[0,0],"17":[0,0],"18":[0,0,0],"19":[0,0],"20":[0,0,0],"21":[0,0,0]}}
,"/Users/rumen/Develop/react-chess/src/components/MoveHistory/MoveHistory.tsx": {"path":"/Users/rumen/Develop/react-chess/src/components/MoveHistory/MoveHistory.tsx","statementMap":{"0":{"start":{"line":13,"column":0},"end":{"line":13,"column":16}},"1":{"start":{"line":1,"column":0},"end":{"line":1,"column":67}},"2":{"start":{"line":4,"column":0},"end":{"line":4,"column":28}},"3":{"start":{"line":19,"column":15},"end":{"line":19,"column":34}},"4":{"start":{"line":20,"column":2},"end":{"line":48,"column":4}},"5":{"start":{"line":27,"column":12},"end":{"line":27,"column":24}},"6":{"start":{"line":31,"column":31},"end":{"line":31,"column":52}},"7":{"start":{"line":38,"column":31},"end":{"line":38,"column":56}},"8":{"start":{"line":51,"column":0},"end":{"line":51,"column":27}}},"fnMap":{"0":{"name":"MoveHistory","decl":{"start":{"line":13,"column":16},"end":{"line":13,"column":27}},"loc":{"start":{"line":18,"column":19},"end":{"line":49,"column":1}}},"1":{"name":"(anonymous_1)","decl":{"start":{"line":26,"column":20},"end":{"line":26,"column":21}},"loc":{"start":{"line":27,"column":12},"end":{"line":27,"column":24}}},"2":{"name":"(anonymous_2)","decl":{"start":{"line":31,"column":25},"end":{"line":31,"column":28}},"loc":{"start":{"line":31,"column":31},"end":{"line":31,"column":52}}},"3":{"name":"(anonymous_3)","decl":{"start":{"line":38,"column":25},"end":{"line":38,"column":28}},"loc":{"start":{"line":38,"column":31},"end":{"line":38,"column":56}}}},"branchMap":{"0":{"loc":{"start":{"line":23,"column":7},"end":{"line":23,"column":86}},"type":"binary-expr","locations":[{"start":{"line":23,"column":7},"end":{"line":23,"column":27}},{"start":{"line":23,"column":31},"end":{"line":23,"column":86}}]},"1":{"loc":{"start":{"line":24,"column":7},"end":{"line":45,"column":null}},"type":"binary-expr","locations":[{"start":{"line":24,"column":7},"end":{"line":24,"column":25}},{"start":{"line":25,"column":8},"end":{"line":44,"column":null}}]},"2":{"loc":{"start":{"line":30,"column":53},"end":{"line":30,"column":118}},"type":"cond-expr","locations":[{"start":{"line":30,"column":102},"end":{"line":30,"column":113}},{"start":{"line":30,"column":116},"end":{"line":30,"column":118}}]},"3":{"loc":{"start":{"line":30,"column":53},"end":{"line":30,"column":99}},"type":"binary-expr","locations":[{"start":{"line":30,"column":53},"end":{"line":30,"column":77}},{"start":{"line":30,"column":81},"end":{"line":30,"column":99}}]},"4":{"loc":{"start":{"line":34,"column":17},"end":{"line":34,"column":77}},"type":"cond-expr","locations":[{"start":{"line":34,"column":29},"end":{"line":34,"column":72}},{"start":{"line":34,"column":75},"end":{"line":34,"column":77}}]},"5":{"loc":{"start":{"line":37,"column":53},"end":{"line":37,"column":122}},"type":"cond-expr","locations":[{"start":{"line":37,"column":106},"end":{"line":37,"column":117}},{"start":{"line":37,"column":120},"end":{"line":37,"column":122}}]},"6":{"loc":{"start":{"line":37,"column":53},"end":{"line":37,"column":103}},"type":"binary-expr","locations":[{"start":{"line":37,"column":53},"end":{"line":37,"column":77}},{"start":{"line":37,"column":81},"end":{"line":37,"column":103}}]},"7":{"loc":{"start":{"line":41,"column":17},"end":{"line":41,"column":81}},"type":"cond-expr","locations":[{"start":{"line":41,"column":29},"end":{"line":41,"column":76}},{"start":{"line":41,"column":79},"end":{"line":41,"column":81}}]}},"s":{"0":0,"1":0,"2":0,"3":0,"4":0,"5":0,"6":0,"7":0,"8":0},"f":{"0":0,"1":0,"2":0,"3":0},"b":{"0":[0,0],"1":[0,0],"2":[0,0],"3":[0,0],"4":[0,0],"5":[0,0],"6":[0,0],"7":[0,0]}}
,"/Users/rumen/Develop/react-chess/src/components/PromotionDialog/PromotionDialog.tsx": {"path":"/Users/rumen/Develop/react-chess/src/components/PromotionDialog/PromotionDialog.tsx","statementMap":{"0":{"start":{"line":9,"column":0},"end":{"line":9,"column":16}},"1":{"start":{"line":1,"column":0},"end":{"line":1,"column":32}},"2":{"start":{"line":10,"column":64},"end":{"line":15,"column":4}},"3":{"start":{"line":16,"column":2},"end":{"line":39,"column":4}},"4":{"start":{"line":22,"column":52},"end":{"line":27,"column":14}},"5":{"start":{"line":28,"column":29},"end":{"line":28,"column":81}},"6":{"start":{"line":29,"column":12},"end":{"line":34,"column":14}},"7":{"start":{"line":30,"column":82},"end":{"line":30,"column":93}},"8":{"start":{"line":42,"column":0},"end":{"line":42,"column":31}}},"fnMap":{"0":{"name":"PromotionDialog","decl":{"start":{"line":9,"column":16},"end":{"line":9,"column":31}},"loc":{"start":{"line":9,"column":73},"end":{"line":40,"column":1}}},"1":{"name":"(anonymous_1)","decl":{"start":{"line":21,"column":22},"end":{"line":21,"column":23}},"loc":{"start":{"line":21,"column":28},"end":{"line":35,"column":11}}},"2":{"name":"(anonymous_2)","decl":{"start":{"line":30,"column":76},"end":{"line":30,"column":79}},"loc":{"start":{"line":30,"column":82},"end":{"line":30,"column":93}}}},"branchMap":{"0":{"loc":{"start":{"line":28,"column":32},"end":{"line":28,"column":61}},"type":"cond-expr","locations":[{"start":{"line":28,"column":52},"end":{"line":28,"column":55}},{"start":{"line":28,"column":58},"end":{"line":28,"column":61}}]}},"s":{"0":0,"1":0,"2":0,"3":0,"4":0,"5":0,"6":0,"7":0,"8":0},"f":{"0":0,"1":0,"2":0},"b":{"0":[0,0]}}
,"/Users/rumen/Develop/react-chess/src/hooks/useChessGame.ts": {"path":"/Users/rumen/Develop/react-chess/src/hooks/useChessGame.ts","statementMap":{"0":{"start":{"line":9,"column":0},"end":{"line":9,"column":16}},"1":{"start":{"line":1,"column":0},"end":{"line":1,"column":66}},"2":{"start":{"line":3,"column":0},"end":{"line":3,"column":54}},"3":{"start":{"line":10,"column":19},"end":{"line":10,"column":62}},"4":{"start":{"line":10,"column":34},"end":{"line":10,"column":61}},"5":{"start":{"line":11,"column":28},"end":{"line":11,"column":81}},"6":{"start":{"line":11,"column":63},"end":{"line":11,"column":80}},"7":{"start":{"line":12,"column":26},"end":{"line":12,"column":65}},"8":{"start":{"line":12,"column":48},"end":{"line":12,"column":64}},"9":{"start":{"line":13,"column":30},"end":{"line":13,"column":76}},"10":{"start":{"line":13,"column":57},"end":{"line":13,"column":75}},"11":{"start":{"line":14,"column":32},"end":{"line":14,"column":80}},"12":{"start":{"line":14,"column":60},"end":{"line":14,"column":79}},"13":{"start":{"line":15,"column":38},"end":{"line":15,"column":88}},"14":{"start":{"line":15,"column":61},"end":{"line":15,"column":87}},"15":{"start":{"line":16,"column":46},"end":{"line":16,"column":75}},"16":{"start":{"line":17,"column":38},"end":{"line":17,"column":63}},"17":{"start":{"line":18,"column":50},"end":{"line":19,"column":null}},"18":{"start":{"line":22,"column":40},"end":{"line":23,"column":null}},"19":{"start":{"line":25,"column":40},"end":{"line":25,"column":59}},"20":{"start":{"line":26,"column":40},"end":{"line":26,"column":59}},"21":{"start":{"line":27,"column":34},"end":{"line":27,"column":63}},"22":{"start":{"line":28,"column":44},"end":{"line":28,"column":72}},"23":{"start":{"line":33,"column":26},"end":{"line":38,"column":14}},"24":{"start":{"line":34,"column":4},"end":{"line":34,"column":32}},"25":{"start":{"line":35,"column":4},"end":{"line":35,"column":30}},"26":{"start":{"line":36,"column":4},"end":{"line":36,"column":34}},"27":{"start":{"line":37,"column":4},"end":{"line":37,"column":36}},"28":{"start":{"line":47,"column":19},"end":{"line":76,"column":null}},"29":{"start":{"line":50,"column":6},"end":{"line":57,"column":7}},"30":{"start":{"line":51,"column":22},"end":{"line":51,"column":52}},"31":{"start":{"line":52,"column":23},"end":{"line":52,"column":53}},"32":{"start":{"line":52,"column":41},"end":{"line":52,"column":52}},"33":{"start":{"line":53,"column":8},"end":{"line":56,"column":9}},"34":{"start":{"line":54,"column":10},"end":{"line":54,"column":44}},"35":{"start":{"line":55,"column":10},"end":{"line":55,"column":22}},"36":{"start":{"line":58,"column":19},"end":{"line":58,"column":55}},"37":{"start":{"line":59,"column":6},"end":{"line":73,"column":7}},"38":{"start":{"line":61,"column":8},"end":{"line":67,"column":9}},"39":{"start":{"line":62,"column":10},"end":{"line":66,"column":11}},"40":{"start":{"line":63,"column":12},"end":{"line":63,"column":63}},"41":{"start":{"line":63,"column":34},"end":{"line":63,"column":61}},"42":{"start":{"line":65,"column":12},"end":{"line":65,"column":63}},"43":{"start":{"line":65,"column":34},"end":{"line":65,"column":61}},"44":{"start":{"line":68,"column":8},"end":{"line":68,"column":26}},"45":{"start":{"line":69,"column":8},"end":{"line":69,"column":32}},"46":{"start":{"line":70,"column":8},"end":{"line":70,"column":26}},"47":{"start":{"line":71,"column":8},"end":{"line":71,"column":34}},"48":{"start":{"line":72,"column":8},"end":{"line":72,"column":50}},"49":{"start":{"line":74,"column":6},"end":{"line":74,"column":18}},"50":{"start":{"line":83,"column":19},"end":{"line":94,"column":31}},"51":{"start":{"line":84,"column":17},"end":{"line":84,"column":30}},"52":{"start":{"line":86,"column":4},"end":{"line":91,"column":5}},"53":{"start":{"line":87,"column":6},"end":{"line":87,"column":24}},"54":{"start":{"line":88,"column":6},"end":{"line":88,"column":30}},"55":{"start":{"line":89,"column":6},"end":{"line":89,"column":24}},"56":{"start":{"line":90,"column":6},"end":{"line":90,"column":48}},"57":{"start":{"line":93,"column":4},"end":{"line":93,"column":16}},"58":{"start":{"line":101,"column":23},"end":{"line":142,"column":null}},"59":{"start":{"line":103,"column":6},"end":{"line":103,"column":57}},"60":{"start":{"line":105,"column":6},"end":{"line":109,"column":7}},"61":{"start":{"line":106,"column":8},"end":{"line":106,"column":32}},"62":{"start":{"line":107,"column":8},"end":{"line":107,"column":26}},"63":{"start":{"line":108,"column":8},"end":{"line":108,"column":15}},"64":{"start":{"line":111,"column":20},"end":{"line":111,"column":45}},"65":{"start":{"line":112,"column":6},"end":{"line":112,"column":65}},"66":{"start":{"line":113,"column":6},"end":{"line":113,"column":56}},"67":{"start":{"line":116,"column":6},"end":{"line":140,"column":7}},"68":{"start":{"line":117,"column":8},"end":{"line":117,"column":65}},"69":{"start":{"line":118,"column":8},"end":{"line":118,"column":34}},"70":{"start":{"line":119,"column":22},"end":{"line":119,"column":54}},"71":{"start":{"line":120,"column":8},"end":{"line":120,"column":58}},"72":{"start":{"line":121,"column":8},"end":{"line":121,"column":29}},"73":{"start":{"line":125,"column":8},"end":{"line":139,"column":9}},"74":{"start":{"line":126,"column":10},"end":{"line":126,"column":91}},"75":{"start":{"line":127,"column":10},"end":{"line":127,"column":43}},"76":{"start":{"line":129,"column":10},"end":{"line":138,"column":11}},"77":{"start":{"line":130,"column":12},"end":{"line":135,"column":14}},"78":{"start":{"line":137,"column":12},"end":{"line":137,"column":88}},"79":{"start":{"line":148,"column":20},"end":{"line":172,"column":null}},"80":{"start":{"line":150,"column":6},"end":{"line":155,"column":7}},"81":{"start":{"line":151,"column":8},"end":{"line":151,"column":23}},"82":{"start":{"line":154,"column":8},"end":{"line":154,"column":83}},"83":{"start":{"line":156,"column":6},"end":{"line":156,"column":24}},"84":{"start":{"line":157,"column":6},"end":{"line":157,"column":30}},"85":{"start":{"line":158,"column":6},"end":{"line":158,"column":24}},"86":{"start":{"line":159,"column":6},"end":{"line":159,"column":48}},"87":{"start":{"line":161,"column":6},"end":{"line":161,"column":29}},"88":{"start":{"line":162,"column":6},"end":{"line":170,"column":7}},"89":{"start":{"line":163,"column":8},"end":{"line":163,"column":46}},"90":{"start":{"line":164,"column":8},"end":{"line":164,"column":46}},"91":{"start":{"line":165,"column":8},"end":{"line":165,"column":26}},"92":{"start":{"line":167,"column":8},"end":{"line":167,"column":26}},"93":{"start":{"line":168,"column":8},"end":{"line":168,"column":26}},"94":{"start":{"line":169,"column":8},"end":{"line":169,"column":26}},"95":{"start":{"line":179,"column":18},"end":{"line":187,"column":null}},"96":{"start":{"line":181,"column":6},"end":{"line":181,"column":26}},"97":{"start":{"line":182,"column":6},"end":{"line":182,"column":24}},"98":{"start":{"line":183,"column":6},"end":{"line":183,"column":30}},"99":{"start":{"line":184,"column":6},"end":{"line":184,"column":24}},"100":{"start":{"line":185,"column":6},"end":{"line":185,"column":48}},"101":{"start":{"line":193,"column":17},"end":{"line":195,"column":14}},"102":{"start":{"line":194,"column":4},"end":{"line":194,"column":27}},"103":{"start":{"line":201,"column":28},"end":{"line":205,"column":null}},"104":{"start":{"line":203,"column":6},"end":{"line":203,"column":59}},"105":{"start":{"line":203,"column":39},"end":{"line":203,"column":57}},"106":{"start":{"line":211,"column":27},"end":{"line":213,"column":14}},"107":{"start":{"line":212,"column":4},"end":{"line":212,"column":34}},"108":{"start":{"line":218,"column":21},"end":{"line":218,"column":65}},"109":{"start":{"line":218,"column":35},"end":{"line":218,"column":54}},"110":{"start":{"line":219,"column":18},"end":{"line":219,"column":61}},"111":{"start":{"line":219,"column":32},"end":{"line":219,"column":50}},"112":{"start":{"line":220,"column":22},"end":{"line":220,"column":69}},"113":{"start":{"line":220,"column":36},"end":{"line":220,"column":58}},"114":{"start":{"line":221,"column":22},"end":{"line":221,"column":69}},"115":{"start":{"line":221,"column":36},"end":{"line":221,"column":58}},"116":{"start":{"line":222,"column":17},"end":{"line":228,"column":null}},"117":{"start":{"line":224,"column":6},"end":{"line":227,"column":34}},"118":{"start":{"line":234,"column":17},"end":{"line":234,"column":60}},"119":{"start":{"line":234,"column":31},"end":{"line":234,"column":49}},"120":{"start":{"line":239,"column":19},"end":{"line":241,"column":null}},"121":{"start":{"line":240,"column":11},"end":{"line":240,"column":66}},"122":{"start":{"line":247,"column":18},"end":{"line":247,"column":62}},"123":{"start":{"line":247,"column":32},"end":{"line":247,"column":50}},"124":{"start":{"line":253,"column":18},"end":{"line":270,"column":null}},"125":{"start":{"line":255,"column":6},"end":{"line":255,"column":60}},"126":{"start":{"line":255,"column":53},"end":{"line":255,"column":60}},"127":{"start":{"line":257,"column":19},"end":{"line":257,"column":31}},"128":{"start":{"line":259,"column":6},"end":{"line":259,"column":21}},"129":{"start":{"line":261,"column":6},"end":{"line":264,"column":7}},"130":{"start":{"line":261,"column":19},"end":{"line":261,"column":20}},"131":{"start":{"line":262,"column":18},"end":{"line":262,"column":25}},"132":{"start":{"line":263,"column":8},"end":{"line":263,"column":51}},"133":{"start":{"line":265,"column":6},"end":{"line":265,"column":24}},"134":{"start":{"line":266,"column":6},"end":{"line":266,"column":30}},"135":{"start":{"line":267,"column":6},"end":{"line":267,"column":24}},"136":{"start":{"line":268,"column":6},"end":{"line":268,"column":30}},"137":{"start":{"line":274,"column":2},"end":{"line":303,"column":69}},"138":{"start":{"line":275,"column":4},"end":{"line":275,"column":47}},"139":{"start":{"line":275,"column":40},"end":{"line":275,"column":47}},"140":{"start":{"line":276,"column":4},"end":{"line":276,"column":30}},"141":{"start":{"line":276,"column":23},"end":{"line":276,"column":30}},"142":{"start":{"line":277,"column":4},"end":{"line":277,"column":36}},"143":{"start":{"line":277,"column":29},"end":{"line":277,"column":36}},"144":{"start":{"line":279,"column":17},"end":{"line":298,"column":5}},"145":{"start":{"line":280,"column":18},"end":{"line":280,"column":28}},"146":{"start":{"line":281,"column":6},"end":{"line":281,"column":41}},"147":{"start":{"line":281,"column":28},"end":{"line":281,"column":39}},"148":{"start":{"line":282,"column":6},"end":{"line":288,"column":9}},"149":{"start":{"line":283,"column":8},"end":{"line":283,"column":42}},"150":{"start":{"line":283,"column":30},"end":{"line":283,"column":42}},"151":{"start":{"line":284,"column":24},"end":{"line":284,"column":53}},"152":{"start":{"line":285,"column":21},"end":{"line":285,"column":48}},"153":{"start":{"line":286,"column":8},"end":{"line":286,"column":64}},"154":{"start":{"line":286,"column":38},"end":{"line":286,"column":64}},"155":{"start":{"line":287,"column":8},"end":{"line":287,"column":20}},"156":{"start":{"line":289,"column":6},"end":{"line":295,"column":9}},"157":{"start":{"line":290,"column":8},"end":{"line":290,"column":42}},"158":{"start":{"line":290,"column":30},"end":{"line":290,"column":42}},"159":{"start":{"line":291,"column":24},"end":{"line":291,"column":53}},"160":{"start":{"line":292,"column":21},"end":{"line":292,"column":48}},"161":{"start":{"line":293,"column":8},"end":{"line":293,"column":64}},"162":{"start":{"line":293,"column":38},"end":{"line":293,"column":64}},"163":{"start":{"line":294,"column":8},"end":{"line":294,"column":20}},"164":{"start":{"line":296,"column":6},"end":{"line":296,"column":23}},"165":{"start":{"line":297,"column":6},"end":{"line":297,"column":62}},"166":{"start":{"line":297,"column":26},"end":{"line":297,"column":62}},"167":{"start":{"line":299,"column":4},"end":{"line":299,"column":40}},"168":{"start":{"line":300,"column":4},"end":{"line":302,"column":6}},"169":{"start":{"line":301,"column":6},"end":{"line":301,"column":45}},"170":{"start":{"line":301,"column":17},"end":{"line":301,"column":45}},"171":{"start":{"line":305,"column":31},"end":{"line":319,"column":null}},"172":{"start":{"line":307,"column":24},"end":{"line":307,"column":80}},"173":{"start":{"line":308,"column":6},"end":{"line":308,"column":74}},"174":{"start":{"line":309,"column":6},"end":{"line":315,"column":7}},"175":{"start":{"line":310,"column":8},"end":{"line":310,"column":34}},"176":{"start":{"line":311,"column":8},"end":{"line":311,"column":34}},"177":{"start":{"line":313,"column":8},"end":{"line":313,"column":26}},"178":{"start":{"line":314,"column":8},"end":{"line":314,"column":26}},"179":{"start":{"line":316,"column":6},"end":{"line":316,"column":29}},"180":{"start":{"line":317,"column":6},"end":{"line":317,"column":24}},"181":{"start":{"line":322,"column":20},"end":{"line":322,"column":74}},"182":{"start":{"line":322,"column":34},"end":{"line":322,"column":56}},"183":{"start":{"line":323,"column":22},"end":{"line":326,"column":29}},"184":{"start":{"line":324,"column":4},"end":{"line":324,"column":72}},"185":{"start":{"line":324,"column":23},"end":{"line":324,"column":72}},"186":{"start":{"line":325,"column":4},"end":{"line":325,"column":30}},"187":{"start":{"line":328,"column":2},"end":{"line":370,"column":4}},"188":{"start":{"line":373,"column":0},"end":{"line":373,"column":28}}},"fnMap":{"0":{"name":"useChessGame","decl":{"start":{"line":9,"column":16},"end":{"line":9,"column":28}},"loc":{"start":{"line":9,"column":48},"end":{"line":371,"column":1}}},"1":{"name":"(anonymous_1)","decl":{"start":{"line":10,"column":28},"end":{"line":10,"column":31}},"loc":{"start":{"line":10,"column":34},"end":{"line":10,"column":61}}},"2":{"name":"(anonymous_2)","decl":{"start":{"line":11,"column":57},"end":{"line":11,"column":60}},"loc":{"start":{"line":11,"column":63},"end":{"line":11,"column":80}}},"3":{"name":"(anonymous_3)","decl":{"start":{"line":12,"column":42},"end":{"line":12,"column":45}},"loc":{"start":{"line":12,"column":48},"end":{"line":12,"column":64}}},"4":{"name":"(anonymous_4)","decl":{"start":{"line":13,"column":51},"end":{"line":13,"column":54}},"loc":{"start":{"line":13,"column":57},"end":{"line":13,"column":75}}},"5":{"name":"(anonymous_5)","decl":{"start":{"line":14,"column":54},"end":{"line":14,"column":57}},"loc":{"start":{"line":14,"column":60},"end":{"line":14,"column":79}}},"6":{"name":"(anonymous_6)","decl":{"start":{"line":15,"column":55},"end":{"line":15,"column":58}},"loc":{"start":{"line":15,"column":61},"end":{"line":15,"column":87}}},"7":{"name":"(anonymous_7)","decl":{"start":{"line":33,"column":38},"end":{"line":33,"column":41}},"loc":{"start":{"line":33,"column":43},"end":{"line":38,"column":3}}},"8":{"name":"(anonymous_8)","decl":{"start":{"line":48,"column":4},"end":{"line":48,"column":5}},"loc":{"start":{"line":48,"column":71},"end":{"line":75,"column":5}}},"9":{"name":"(an
[...]
,"/Users/rumen/Develop/react-chess/src/utils/chessNotation.ts": {"path":"/Users/rumen/Develop/react-chess/src/utils/chessNotation.ts","statementMap":{"0":{"start":{"line":5,"column":0},"end":{"line":5,"column":16}},"1":{"start":{"line":87,"column":0},"end":{"line":87,"column":16}},"2":{"start":{"line":2,"column":0},"end":{"line":2,"column":54}},"3":{"start":{"line":11,"column":2},"end":{"line":13,"column":3}},"4":{"start":{"line":12,"column":4},"end":{"line":12,"column":48}},"5":{"start":{"line":15,"column":16},"end":{"line":15,"column":26}},"6":{"start":{"line":16,"column":17},"end":{"line":16,"column":38}},"7":{"start":{"line":17,"column":12},"end":{"line":17,"column":14}},"8":{"start":{"line":18,"column":22},"end":{"line":18,"column":93}},"9":{"start":{"line":21,"column":23},"end":{"line":21,"column":25}},"10":{"start":{"line":22,"column":2},"end":{"line":24,"column":3}},"11":{"start":{"line":23,"column":4},"end":{"line":23,"column":67}},"12":{"start":{"line":26,"column":2},"end":{"line":26,"column":51}},"13":{"start":{"line":26,"column":15},"end":{"line":26,"column":51}},"14":{"start":{"line":28,"column":2},"end":{"line":34,"column":3}},"15":{"start":{"line":29,"column":4},"end":{"line":32,"column":5}},"16":{"start":{"line":31,"column":6},"end":{"line":31,"column":26}},"17":{"start":{"line":33,"column":4},"end":{"line":33,"column":15}},"18":{"start":{"line":36,"column":2},"end":{"line":36,"column":17}},"19":{"start":{"line":39,"column":2},"end":{"line":41,"column":3}},"20":{"start":{"line":40,"column":4},"end":{"line":40,"column":48}},"21":{"start":{"line":43,"column":2},"end":{"line":44,"column":34}},"22":{"start":{"line":43,"column":22},"end":{"line":43,"column":33}},"23":{"start":{"line":44,"column":7},"end":{"line":44,"column":34}},"24":{"start":{"line":44,"column":23},"end":{"line":44,"column":34}},"25":{"start":{"line":46,"column":2},"end":{"line":46,"column":13}},"26":{"start":{"line":49,"column":47},"end":{"line":56,"column":2}},"27":{"start":{"line":60,"column":16},"end":{"line":60,"column":33}},"28":{"start":{"line":61,"column":57},"end":{"line":61,"column":59}},"29":{"start":{"line":62,"column":2},"end":{"line":76,"column":3}},"30":{"start":{"line":62,"column":15},"end":{"line":62,"column":16}},"31":{"start":{"line":63,"column":4},"end":{"line":75,"column":5}},"32":{"start":{"line":63,"column":17},"end":{"line":63,"column":18}},"33":{"start":{"line":64,"column":16},"end":{"line":64,"column":27}},"34":{"start":{"line":65,"column":6},"end":{"line":65,"column":23}},"35":{"start":{"line":65,"column":14},"end":{"line":65,"column":23}},"36":{"start":{"line":66,"column":6},"end":{"line":74,"column":7}},"37":{"start":{"line":67,"column":23},"end":{"line":67,"column":55}},"38":{"start":{"line":68,"column":8},"end":{"line":73,"column":9}},"39":{"start":{"line":69,"column":28},"end":{"line":71,"column":78}},"40":{"start":{"line":71,"column":25},"end":{"line":71,"column":77}},"41":{"start":{"line":72,"column":10},"end":{"line":72,"column":63}},"42":{"start":{"line":72,"column":25},"end":{"line":72,"column":63}},"43":{"start":{"line":77,"column":2},"end":{"line":77,"column":41}},"44":{"start":{"line":77,"column":31},"end":{"line":77,"column":41}},"45":{"start":{"line":78,"column":19},"end":{"line":78,"column":31}},"46":{"start":{"line":79,"column":19},"end":{"line":79,"column":31}},"47":{"start":{"line":80,"column":27},"end":{"line":80,"column":75}},"48":{"start":{"line":80,"column":50},"end":{"line":80,"column":74}},"49":{"start":{"line":81,"column":27},"end":{"line":81,"column":75}},"50":{"start":{"line":81,"column":50},"end":{"line":81,"column":74}},"51":{"start":{"line":82,"column":2},"end":{"line":82,"column":41}},"52":{"start":{"line":82,"column":25},"end":{"line":82,"column":41}},"53":{"start":{"line":83,"column":2},"end":{"line":83,"column":41}},"54":{"start":{"line":83,"column":25},"end":{"line":83,"column":41}},"55":{"start":{"line":84,"column":2},"end":{"line":84,"column":19}},"56":{"start":{"line":88,"column":69},"end":{"line":88,"column":71}},"57":{"start":{"line":89,"column":2},"end":{"line":95,"column":3}},"58":{"start":{"line":89,"column":15},"end":{"line":89,"column":16}},"59":{"start":{"line":90,"column":4},"end":{"line":94,"column":7}},"60":{"start":{"line":96,"column":2},"end":{"line":96,"column":16}}},"fnMap":{"0":{"name":"formatMove","decl":{"start":{"line":5,"column":16},"end":{"line":5,"column":26}},"loc":{"start":{"line":8,"column":32},"end":{"line":47,"column":1}}},"1":{"name":"computeDisambiguation","decl":{"start":{"line":58,"column":9},"end":{"line":58,"column":30}},"loc":{"start":{"line":58,"column":62},"end":{"line":85,"column":1}}},"2":{"name":"(anonymous_2)","decl":{"start":{"line":71,"column":18},"end":{"line":71,"column":19}},"loc":{"start":{"line":71,"column":25},"end":{"line":71,"column":77}}},"3":{"name":"(anonymous_3)","decl":{"start":{"line":80,"column":43},"end":{"line":80,"column":44}},"loc":{"start":{"line":80,"column":50},"end":{"line":80,"column":74}}},"4":{"name":"(anonymous_4)","decl":{"start":{"line":81,"column":43},"end":{"line":81,"column":44}},"loc":{"start":{"line":81,"column":50},"end":{"line":81,"column":74}}},"5":{"name":"chunkMoves","decl":{"start":{"line":87,"column":16},"end":{"line":87,"column":26}},"loc":{"start":{"line":87,"column":40},"end":{"line":97,"column":1}}}},"branchMap":{"0":{"loc":{"start":{"line":11,"column":2},"end":{"line":13,"column":3}},"type":"if","locations":[{"start":{"line":11,"column":2},"end":{"line":13,"column":3}},{"start":{},"end":{}}]},"1":{"loc":{"start":{"line":12,"column":11},"end":{"line":12,"column":47}},"type":"cond-expr","locations":[{"start":{"line":12,"column":32},"end":{"line":12,"column":37}},{"start":{"line":12,"column":40},"end":{"line":12,"column":47}}]},"2":{"loc":{"start":{"line":18,"column":22},"end":{"line":18,"column":93}},"type":"cond-expr","locations":[{"start":{"line":18,"column":31},"end":{"line":18,"column":33}},{"start":{"line":18,"column":36},"end":{"line":18,"column":93}}]},"3":{"loc":{"start":{"line":18,"column":36},"end":{"line":18,"column":93}},"type":"binary-expr","locations":[{"start":{"line":18,"column":36},"end":{"line":18,"column":62}},{"start":{"line":18,"column":66},"end":{"line":18,"column":93}}]},"4":{"loc":{"start":{"line":22,"column":2},"end":{"line":24,"column":3}},"type":"if","locations":[{"start":{"line":22,"column":2},"end":{"line":24,"column":3}},{"start":{},"end":{}}]},"5":{"loc":{"start":{"line":22,"column":6},"end":{"line":22,"column":58}},"type":"binary-expr","locations":[{"start":{"line":22,"column":6},"end":{"line":22,"column":22}},{"start":{"line":22,"column":26},"end":{"line":22,"column":33}},{"start":{"line":22,"column":37},"end":{"line":22,"column":58}}]},"6":{"loc":{"start":{"line":26,"column":2},"end":{"line":26,"column":51}},"type":"if","locations":[{"start":{"line":26,"column":2},"end":{"line":26,"column":51}},{"start":{},"end":{}}]},"7":{"loc":{"start":{"line":28,"column":2},"end":{"line":34,"column":3}},"type":"if","locations":[{"start":{"line":28,"column":2},"end":{"line":34,"column":3}},{"start":{},"end":{}}]},"8":{"loc":{"start":{"line":29,"column":4},"end":{"line":32,"column":5}},"type":"if","locations":[{"start":{"line":29,"column":4},"end":{"line":32,"column":5}},{"start":{},"end":{}}]},"9":{"loc":{"start":{"line":29,"column":8},"end":{"line":29,"column":22}},"type":"binary-expr","locations":[{"start":{"line":29,"column":8},"end":{"line":29,"column":14}},{"start":{"line":29,"column":18},"end":{"line":29,"column":22}}]},"10":{"loc":{"start":{"line":39,"column":2},"end":{"line":41,"column":3}},"type":"if","locations":[{"start":{"line":39,"column":2},"end":{"line":41,"column":3}},{"start":{},"end":{}}]},"11":{"loc":{"start":{"line":43,"column":2},"end":{"line":44,"column":34}},"type":"if","locations":[{"start":{"line":43,"column":2},"end":{"line":44,"column":34}},{"start":{"line":44,"column":7},"end":{"line":44,"column":34}}]},"12":{"loc":{"start":{"line":44,"column":7},"end":{"line":44,"column":34}},"type":"if","locations":[{"start":{"line":44,"column":7},"end":{"line":44,"column":34}},{"start":{},"end":{}}]},"13":{"loc":{"start":{"line":65,"column":6},"end":{"line":65,"column":23}},"type":"if","locations":[{"start":{"line":65,"column":6},"end":{"line":65,"column":23}},{"start":{},"end":{}}]},"14":{"loc":{"start":{"line":66,"column":6},"end":{"line":74,"column":7}},"type":"if","locations":[{"start":{"line":66,"column":6},"end":{"line":74,"column":7}},{"start":{},"end":{}}]},"15":{"loc":{"start":{"line":66,"column":10},"end":{"line":66,"column":68}},"type":"binary-expr","locations":[{"start":{"line":66,"column":10},"end":{"line":66,"column":36}},{"start":{"line":66,"column":40},"end":{"line":66,"column":68}}]},"16":{"loc":{"start":{"line":68,"column":8},"end":{"line":73,"column":9}},"type":"if","locations":[{"start":{"line":68,"column":8},"end":{"line":73,"column":9}},{"start":{},"end":{}}]},"17":{"loc":{"start":{"line":71,"column":25},"end":{"line":71,"column":77}},"type":"binary-expr","locations":[{"start":{"line":71,"column":25},"end":{"line":71,"column":41}},{"start":{"line":71,"column":45},"end":{"line":71,"column":77}}]},"18":{"loc":{"start":{"line":72,"column":10},"end":{"line":72,"column":63}},"type":"if","locations":[{"start":{"line":72,"column":10},"end":{"line":72,"column":63}},{"start":{},"end":{}}]},"19":{"loc":{"start":{"line":77,"column":2},"end":{"line":77,"column":41}},"type":"if","locations":[{"start":{"line":77,"column":2},"end":{"line":77,"column":41}},{"start":{},"end":{}}]},"20":{"loc":{"start":{"line":82,"column":2},"end":{"line":82,"column":41}},"type":"if","locations":[{"start":{"line":82,"column":2},"end":{"line":82,"column":41}},{"start":{},"end":{}}]},"21":{"loc":{"start":{"line":83,"column":2},"end":{"line":83,"column":41}},"type":"if","locations":[{"start":{"line":83,"column":2},"end":{"line":83,"column":41}},{"start":{},"end":{}}]}},"s":{"0":1,"1":1,"2":1,"3":10,"4":2,"5":8,"6":8,"7":8,"8":8,"9":8,"10":8,"11":0,"12":8,"13":5,"14":8,"15":2,"16":1,"17":2,"18":8,"19":8,"20":1,"21":8,"22":1,"23":7,"24":1,"25":8,"26":1,"27":0,"28":0,"29":0,"30":0,"31":0,"32":0,"33":0,"34":0,"35":0,"36":0,"37":0,"38":0,"39":0,"40":0,"41":0,"42":0,"43":0,"44":0,"45":0,"46":0,"47":0,"48":0,"49":0,"50":0,"51":0,"52":0,"53":0,"54":0,"55":0,"56":4,"57":4,"58":4,"59":5,"60":4},"f":{"0":10,"1":0,"2":0,"3":0,"4":0,"5":4},"b":{"0":[2,8],"1":[1,1],"2":[3,5],"3":[5,0],"4":[0,8],"5":[8,0,0],"6":[5,3],"7":[2,6],"8":[1,1],"9":[2,1],"10":[1,7],"11":[1,7],"12":[1,6],"13":[0,0],"14":[0,0],"15":[0,0],"16":[0,0],"17":[0,0],"18":[0,0],"19":[0,0],"20":[0,0],"21":[0,0]}}
,"/Users/rumen/Develop/react-chess/src/utils/persist.ts": {"path":"/Users/rumen/Develop/react-chess/src/utils/persist.ts","statementMap":{"0":{"start":{"line":2,"column":0},"end":{"line":2,"column":16}},"1":{"start":{"line":13,"column":0},"end":{"line":13,"column":16}},"2":{"start":{"line":22,"column":0},"end":{"line":22,"column":16}},"3":{"start":{"line":3,"column":2},"end":{"line":3,"column":53}},"4":{"start":{"line":3,"column":37},"end":{"line":3,"column":53}},"5":{"start":{"line":4,"column":2},"end":{"line":10,"column":3}},"6":{"start":{"line":5,"column":16},"end":{"line":5,"column":41}},"7":{"start":{"line":6,"column":4},"end":{"line":6,"column":30}},"8":{"start":{"line":6,"column":14},"end":{"line":6,"column":30}},"9":{"start":{"line":7,"column":4},"end":{"line":7,"column":32}},"10":{"start":{"line":9,"column":4},"end":{"line":9,"column":20}},"11":{"start":{"line":14,"column":2},"end":{"line":14,"column":44}},"12":{"start":{"line":14,"column":37},"end":{"line":14,"column":44}},"13":{"start":{"line":15,"column":2},"end":{"line":19,"column":3}},"14":{"start":{"line":16,"column":4},"end":{"line":16,"column":53}},"15":{"start":{"line":23,"column":2},"end":{"line":23,"column":44}},"16":{"start":{"line":23,"column":37},"end":{"line":23,"column":44}},"17":{"start":{"line":24,"column":2},"end":{"line":28,"column":3}},"18":{"start":{"line":25,"column":4},"end":{"line":25,"column":33}}},"fnMap":{"0":{"name":"loadJSON","decl":{"start":{"line":2,"column":16},"end":{"line":2,"column":24}},"loc":{"start":{"line":2,"column":52},"end":{"line":11,"column":1}}},"1":{"name":"saveJSON","decl":{"start":{"line":13,"column":16},"end":{"line":13,"column":24}},"loc":{"start":{"line":13,"column":49},"end":{"line":20,"column":1}}},"2":{"name":"remove","decl":{"start":{"line":22,"column":16},"end":{"line":22,"column":22}},"loc":{"start":{"line":22,"column":34},"end":{"line":29,"column":1}}}},"branchMap":{"0":{"loc":{"start":{"line":3,"column":2},"end":{"line":3,"column":53}},"type":"if","locations":[{"start":{"line":3,"column":2},"end":{"line":3,"column":53}},{"start":{},"end":{}}]},"1":{"loc":{"start":{"line":6,"column":4},"end":{"line":6,"column":30}},"type":"if","locations":[{"start":{"line":6,"column":4},"end":{"line":6,"column":30}},{"start":{},"end":{}}]},"2":{"loc":{"start":{"line":14,"column":2},"end":{"line":14,"column":44}},"type":"if","locations":[{"start":{"line":14,"column":2},"end":{"line":14,"column":44}},{"start":{},"end":{}}]},"3":{"loc":{"start":{"line":23,"column":2},"end":{"line":23,"column":44}},"type":"if","locations":[{"start":{"line":23,"column":2},"end":{"line":23,"column":44}},{"start":{},"end":{}}]}},"s":{"0":0,"1":0,"2":0,"3":0,"4":0,"5":0,"6":0,"7":0,"8":0,"9":0,"10":0,"11":0,"12":0,"13":0,"14":0,"15":0,"16":0,"17":0,"18":0},"f":{"0":0,"1":0,"2":0},"b":{"0":[0,0],"1":[0,0],"2":[0,0],"3":[0,0]}}
,"/Users/rumen/Develop/react-chess/src/utils/pgn.ts": {"path":"/Users/rumen/Develop/react-chess/src/utils/pgn.ts","statementMap":{"0":{"start":{"line":15,"column":0},"end":{"line":15,"column":16}},"1":{"start":{"line":2,"column":0},"end":{"line":2,"column":57}},"2":{"start":{"line":16,"column":42},"end":{"line":24,"column":4}},"3":{"start":{"line":26,"column":24},"end":{"line":28,"column":15}},"4":{"start":{"line":27,"column":21},"end":{"line":27,"column":36}},"5":{"start":{"line":30,"column":15},"end":{"line":30,"column":32}},"6":{"start":{"line":31,"column":34},"end":{"line":31,"column":36}},"7":{"start":{"line":32,"column":2},"end":{"line":41,"column":5}},"8":{"start":{"line":33,"column":23},"end":{"line":33,"column":41}},"9":{"start":{"line":34,"column":21},"end":{"line":34,"column":91}},"10":{"start":{"line":35,"column":21},"end":{"line":35,"column":95}},"11":{"start":{"line":36,"column":4},"end":{"line":40,"column":5}},"12":{"start":{"line":37,"column":6},"end":{"line":37,"column":73}},"13":{"start":{"line":39,"column":6},"end":{"line":39,"column":61}},"14":{"start":{"line":43,"column":17},"end":{"line":43,"column":31}},"15":{"start":{"line":44,"column":15},"end":{"line":44,"column":69}},"16":{"start":{"line":46,"column":2},"end":{"line":46,"column":46}}},"fnMap":{"0":{"name":"buildPGN","decl":{"start":{"line":15,"column":16},"end":{"line":15,"column":24}},"loc":{"start":{"line":15,"column":82},"end":{"line":47,"column":1}}},"1":{"name":"(anonymous_1)","decl":{"start":{"line":27,"column":9},"end":{"line":27,"column":10}},"loc":{"start":{"line":27,"column":21},"end":{"line":27,"column":36}}},"2":{"name":"(anonymous_2)","decl":{"start":{"line":32,"column":15},"end":{"line":32,"column":16}},"loc":{"start":{"line":32,"column":23},"end":{"line":41,"column":3}}}},"branchMap":{"0":{"loc":{"start":{"line":15,"column":61},"end":{"line":15,"column":82}},"type":"default-arg","locations":[{"start":{"line":15,"column":80},"end":{"line":15,"column":82}}]},"1":{"loc":{"start":{"line":17,"column":11},"end":{"line":17,"column":38}},"type":"binary-expr","locations":[{"start":{"line":17,"column":11},"end":{"line":17,"column":21}},{"start":{"line":17,"column":25},"end":{"line":17,"column":38}}]},"2":{"loc":{"start":{"line":18,"column":10},"end":{"line":18,"column":30}},"type":"binary-expr","locations":[{"start":{"line":18,"column":10},"end":{"line":18,"column":19}},{"start":{"line":18,"column":23},"end":{"line":18,"column":30}}]},"3":{"loc":{"start":{"line":19,"column":10},"end":{"line":19,"column":79}},"type":"binary-expr","locations":[{"start":{"line":19,"column":10},"end":{"line":19,"column":19}},{"start":{"line":19,"column":23},"end":{"line":19,"column":79}}]},"4":{"loc":{"start":{"line":20,"column":11},"end":{"line":20,"column":28}},"type":"binary-expr","locations":[{"start":{"line":20,"column":11},"end":{"line":20,"column":21}},{"start":{"line":20,"column":25},"end":{"line":20,"column":28}}]},"5":{"loc":{"start":{"line":21,"column":11},"end":{"line":21,"column":32}},"type":"binary-expr","locations":[{"start":{"line":21,"column":11},"end":{"line":21,"column":21}},{"start":{"line":21,"column":25},"end":{"line":21,"column":32}}]},"6":{"loc":{"start":{"line":22,"column":11},"end":{"line":22,"column":32}},"type":"binary-expr","locations":[{"start":{"line":22,"column":11},"end":{"line":22,"column":21}},{"start":{"line":22,"column":25},"end":{"line":22,"column":32}}]},"7":{"loc":{"start":{"line":23,"column":12},"end":{"line":23,"column":52}},"type":"binary-expr","locations":[{"start":{"line":23,"column":12},"end":{"line":23,"column":23}},{"start":{"line":23,"column":27},"end":{"line":23,"column":45}},{"start":{"line":23,"column":49},"end":{"line":23,"column":52}}]},"8":{"loc":{"start":{"line":34,"column":21},"end":{"line":34,"column":91}},"type":"cond-expr","locations":[{"start":{"line":34,"column":33},"end":{"line":34,"column":86}},{"start":{"line":34,"column":89},"end":{"line":34,"column":91}}]},"9":{"loc":{"start":{"line":35,"column":21},"end":{"line":35,"column":95}},"type":"cond-expr","locations":[{"start":{"line":35,"column":33},"end":{"line":35,"column":90}},{"start":{"line":35,"column":93},"end":{"line":35,"column":95}}]},"10":{"loc":{"start":{"line":36,"column":4},"end":{"line":40,"column":5}},"type":"if","locations":[{"start":{"line":36,"column":4},"end":{"line":40,"column":5}},{"start":{"line":38,"column":11},"end":{"line":40,"column":5}}]},"11":{"loc":{"start":{"line":44,"column":42},"end":{"line":44,"column":68}},"type":"cond-expr","locations":[{"start":{"line":44,"column":51},"end":{"line":44,"column":63}},{"start":{"line":44,"column":66},"end":{"line":44,"column":68}}]}},"s":{"0":0,"1":0,"2":0,"3":0,"4":0,"5":0,"6":0,"7":0,"8":0,"9":0,"10":0,"11":0,"12":0,"13":0,"14":0,"15":0,"16":0},"f":{"0":0,"1":0,"2":0},"b":{"0":[0],"1":[0,0],"2":[0,0],"3":[0,0],"4":[0,0],"5":[0,0],"6":[0,0],"7":[0,0,0],"8":[0,0],"9":[0,0],"10":[0,0],"11":[0,0]}}
}
