TN:
SF:src/App.tsx
FN:12,App
FN:14,(anonymous_2)
FN:15,(anonymous_3)
FN:16,(anonymous_4)
FN:17,(anonymous_5)
FN:20,(anonymous_6)
FN:21,(anonymous_7)
FN:24,(anonymous_8)
FN:31,(anonymous_9)
FN:34,(anonymous_10)
FN:39,(anonymous_11)
FN:42,(anonymous_12)
FN:45,(anonymous_13)
FN:48,(anonymous_14)
FN:51,(anonymous_15)
FN:54,(anonymous_16)
FN:57,(anonymous_17)
FN:60,(anonymous_18)
FN:63,(anonymous_19)
FN:98,(anonymous_20)
FN:101,(anonymous_21)
FN:104,(anonymous_22)
FN:113,(anonymous_23)
FN:132,(anonymous_24)
FN:143,(anonymous_25)
FN:145,(anonymous_26)
FN:146,(anonymous_27)
FN:151,(anonymous_28)
FN:156,(anonymous_29)
FN:159,(anonymous_30)
FN:164,(anonymous_31)
FN:166,(anonymous_32)
FN:175,(anonymous_33)
FN:191,(anonymous_34)
FN:201,(anonymous_35)
FN:207,(anonymous_36)
FN:213,(anonymous_37)
FN:217,(anonymous_38)
FN:225,(anonymous_39)
FN:233,(anonymous_40)
FN:291,(anonymous_41)
FN:297,(anonymous_42)
FN:339,(anonymous_43)
FN:352,(anonymous_44)
FN:363,(anonymous_45)
FN:386,(anonymous_46)
FN:394,(anonymous_47)
FN:406,(anonymous_48)
FN:431,(anonymous_49)
FN:431,(anonymous_50)
FN:445,(anonymous_51)
FN:453,(anonymous_52)
FN:464,(anonymous_53)
FN:493,(anonymous_54)
FN:590,(anonymous_55)
FN:590,(anonymous_56)
FN:605,(anonymous_57)
FNF:57
FNH:0
FNDA:0,App
FNDA:0,(anonymous_2)
FNDA:0,(anonymous_3)
FNDA:0,(anonymous_4)
FNDA:0,(anonymous_5)
FNDA:0,(anonymous_6)
FNDA:0,(anonymous_7)
FNDA:0,(anonymous_8)
FNDA:0,(anonymous_9)
FNDA:0,(anonymous_10)
FNDA:0,(anonymous_11)
FNDA:0,(anonymous_12)
FNDA:0,(anonymous_13)
FNDA:0,(anonymous_14)
FNDA:0,(anonymous_15)
FNDA:0,(anonymous_16)
FNDA:0,(anonymous_17)
FNDA:0,(anonymous_18)
FNDA:0,(anonymous_19)
FNDA:0,(anonymous_20)
FNDA:0,(anonymous_21)
FNDA:0,(anonymous_22)
FNDA:0,(anonymous_23)
FNDA:0,(anonymous_24)
FNDA:0,(anonymous_25)
FNDA:0,(anonymous_26)
FNDA:0,(anonymous_27)
FNDA:0,(anonymous_28)
FNDA:0,(anonymous_29)
FNDA:0,(anonymous_30)
FNDA:0,(anonymous_31)
FNDA:0,(anonymous_32)
FNDA:0,(anonymous_33)
FNDA:0,(anonymous_34)
FNDA:0,(anonymous_35)
FNDA:0,(anonymous_36)
FNDA:0,(anonymous_37)
FNDA:0,(anonymous_38)
FNDA:0,(anonymous_39)
FNDA:0,(anonymous_40)
FNDA:0,(anonymous_41)
FNDA:0,(anonymous_42)
FNDA:0,(anonymous_43)
FNDA:0,(anonymous_44)
FNDA:0,(anonymous_45)
FNDA:0,(anonymous_46)
FNDA:0,(anonymous_47)
FNDA:0,(anonymous_48)
FNDA:0,(anonymous_49)
FNDA:0,(anonymous_50)
FNDA:0,(anonymous_51)
FNDA:0,(anonymous_52)
FNDA:0,(anonymous_53)
FNDA:0,(anonymous_54)
FNDA:0,(anonymous_55)
FNDA:0,(anonymous_56)
FNDA:0,(anonymous_57)
DA:1,0
DA:3,0
DA:4,0
DA:5,0
DA:6,0
DA:7,0
DA:8,0
DA:9,0
DA:10,0
DA:14,0
DA:15,0
DA:16,0
DA:17,0
DA:18,0
DA:20,0
DA:21,0
DA:22,0
DA:24,0
DA:25,0
DA:26,0
DA:27,0
DA:31,0
DA:32,0
DA:34,0
DA:35,0
DA:37,0
DA:39,0
DA:40,0
DA:42,0
DA:43,0
DA:45,0
DA:46,0
DA:48,0
DA:49,0
DA:51,0
DA:52,0
DA:54,0
DA:55,0
DA:57,0
DA:58,0
DA:60,0
DA:61,0
DA:63,0
DA:64,0
DA:95,0
DA:98,0
DA:99,0
DA:101,0
DA:102,0
DA:104,0
DA:105,0
DA:108,0
DA:109,0
DA:110,0
DA:112,0
DA:114,0
DA:115,0
DA:116,0
DA:117,0
DA:118,0
DA:119,0
DA:120,0
DA:122,0
DA:127,0
DA:128,0
DA:129,0
DA:131,0
DA:133,0
DA:134,0
DA:135,0
DA:136,0
DA:138,0
DA:143,0
DA:144,0
DA:145,0
DA:146,0
DA:151,0
DA:152,0
DA:153,0
DA:154,0
DA:155,0
DA:156,0
DA:157,0
DA:158,0
DA:159,0
DA:160,0
DA:161,0
DA:162,0
DA:163,0
DA:164,0
DA:165,0
DA:166,0
DA:167,0
DA:171,0
DA:174,0
DA:175,0
DA:176,0
DA:177,0
DA:191,0
DA:192,0
DA:193,0
DA:194,0
DA:195,0
DA:197,0
DA:201,0
DA:202,0
DA:203,0
DA:207,0
DA:208,0
DA:209,0
DA:210,0
DA:213,0
DA:214,0
DA:217,0
DA:218,0
DA:219,0
DA:220,0
DA:221,0
DA:222,0
DA:225,0
DA:226,0
DA:227,0
DA:228,0
DA:229,0
DA:233,0
DA:234,0
DA:235,0
DA:236,0
DA:237,0
DA:238,0
DA:239,0
DA:240,0
DA:241,0
DA:244,0
DA:261,0
DA:263,0
DA:265,0
DA:291,0
DA:297,0
DA:339,0
DA:352,0
DA:364,0
DA:365,0
DA:369,0
DA:386,0
DA:395,0
DA:396,0
DA:407,0
DA:408,0
DA:409,0
DA:431,0
DA:445,0
DA:453,0
DA:464,0
DA:493,0
DA:590,0
DA:605,0
DA:641,0
LF:158
LH:0
BRDA:27,0,0,0
BRDA:27,0,1,0
BRDA:27,1,0,0
BRDA:27,1,1,0
BRDA:114,2,0,0
BRDA:114,2,1,0
BRDA:118,3,0,0
BRDA:118,3,1,0
BRDA:128,4,0,0
BRDA:128,4,1,0
BRDA:129,5,0,0
BRDA:129,5,1,0
BRDA:133,6,0,0
BRDA:133,6,1,0
BRDA:134,7,0,0
BRDA:134,7,1,0
BRDA:134,8,0,0
BRDA:134,8,1,0
BRDA:144,9,0,0
BRDA:144,9,1,0
BRDA:152,10,0,0
BRDA:152,10,1,0
BRDA:152,11,0,0
BRDA:152,11,1,0
BRDA:152,11,2,0
BRDA:154,12,0,0
BRDA:154,12,1,0
BRDA:158,13,0,0
BRDA:158,13,1,0
BRDA:158,14,0,0
BRDA:158,14,1,0
BRDA:160,15,0,0
BRDA:160,15,1,0
BRDA:162,16,0,0
BRDA:162,16,1,0
BRDA:165,17,0,0
BRDA:165,17,1,0
BRDA:167,18,0,0
BRDA:167,18,1,0
BRDA:194,19,0,0
BRDA:194,19,1,0
BRDA:202,20,0,0
BRDA:202,20,1,0
BRDA:202,21,0,0
BRDA:202,21,1,0
BRDA:202,21,2,0
BRDA:210,22,0,0
BRDA:210,22,1,0
BRDA:218,23,0,0
BRDA:218,23,1,0
BRDA:218,24,0,0
BRDA:218,24,1,0
BRDA:218,24,2,0
BRDA:219,25,0,0
BRDA:219,25,1,0
BRDA:220,26,0,0
BRDA:220,26,1,0
BRDA:222,27,0,0
BRDA:222,27,1,0
BRDA:226,28,0,0
BRDA:226,28,1,0
BRDA:228,29,0,0
BRDA:228,29,1,0
BRDA:228,30,0,0
BRDA:228,30,1,0
BRDA:228,30,2,0
BRDA:244,31,0,0
BRDA:244,31,1,0
BRDA:246,32,0,0
BRDA:246,32,1,0
BRDA:248,33,0,0
BRDA:248,33,1,0
BRDA:250,34,0,0
BRDA:250,34,1,0
BRDA:252,35,0,0
BRDA:252,35,1,0
BRDA:254,36,0,0
BRDA:254,36,1,0
BRDA:255,37,0,0
BRDA:255,37,1,0
BRDA:261,38,0,0
BRDA:261,38,1,0
BRDA:261,39,0,0
BRDA:261,39,1,0
BRDA:261,40,0,0
BRDA:261,40,1,0
BRDA:263,41,0,0
BRDA:263,41,1,0
BRDA:263,42,0,0
BRDA:263,42,1,0
BRDA:263,43,0,0
BRDA:263,43,1,0
BRDA:290,44,0,0
BRDA:290,44,1,0
BRDA:296,45,0,0
BRDA:296,45,1,0
BRDA:309,46,0,0
BRDA:309,46,1,0
BRDA:339,47,0,0
BRDA:339,47,1,0
BRDA:352,48,0,0
BRDA:352,48,1,0
BRDA:362,49,0,0
BRDA:362,49,1,0
BRDA:366,50,0,0
BRDA:366,50,1,0
BRDA:369,51,0,0
BRDA:369,51,1,0
BRDA:438,52,0,0
BRDA:438,52,1,0
BRDA:461,53,0,0
BRDA:461,53,1,0
BRDA:490,54,0,0
BRDA:490,54,1,0
BRDA:499,55,0,0
BRDA:499,55,1,0
BRDA:499,55,2,0
BRDA:499,55,3,0
BRDA:499,55,4,0
BRDA:500,56,0,0
BRDA:500,56,1,0
BRDA:502,57,0,0
BRDA:502,57,1,0
BRDA:502,57,2,0
BRDA:502,57,3,0
BRDA:505,58,0,0
BRDA:505,58,1,0
BRDA:505,58,2,0
BRDA:514,59,0,0
BRDA:514,59,1,0
BRDA:517,60,0,0
BRDA:517,60,1,0
BRDA:520,61,0,0
BRDA:520,61,1,0
BRDA:523,62,0,0
BRDA:523,62,1,0
BRDA:535,63,0,0
BRDA:535,63,1,0
BRDA:535,64,0,0
BRDA:535,64,1,0
BRDA:535,64,2,0
BRDA:535,65,0,0
BRDA:535,65,1,0
BRDA:540,66,0,0
BRDA:540,66,1,0
BRDA:540,67,0,0
BRDA:540,67,1,0
BRDA:540,67,2,0
BRDA:540,68,0,0
BRDA:540,68,1,0
BRDA:570,69,0,0
BRDA:570,69,1,0
BRDA:570,69,2,0
BRDA:576,70,0,0
BRDA:576,70,1,0
BRDA:590,71,0,0
BRDA:590,71,1,0
BRDA:605,72,0,0
BRDA:605,72,1,0
BRDA:613,73,0,0
BRDA:613,73,1,0
BRDA:613,73,2,0
BRF:162
BRH:0
end_of_record
TN:
SF:src/components/ChessBoard/ChessBoard.tsx
FN:23,ChessBoard
FN:38,(anonymous_1)
FN:51,(anonymous_2)
FN:68,(anonymous_3)
FN:118,(anonymous_4)
FN:123,(anonymous_5)
FN:133,(anonymous_6)
FN:140,(anonymous_7)
FNF:8
FNH:0
FNDA:0,ChessBoard
FNDA:0,(anonymous_1)
FNDA:0,(anonymous_2)
FNDA:0,(anonymous_3)
FNDA:0,(anonymous_4)
FNDA:0,(anonymous_5)
FNDA:0,(anonymous_6)
FNDA:0,(anonymous_7)
DA:1,0
DA:3,0
DA:4,0
DA:5,0
DA:23,0
DA:38,0
DA:39,0
DA:40,0
DA:41,0
DA:42,0
DA:43,0
DA:44,0
DA:48,0
DA:51,0
DA:52,0
DA:55,0
DA:57,0
DA:61,0
DA:62,0
DA:63,0
DA:64,0
DA:65,0
DA:66,0
DA:67,0
DA:68,0
DA:69,0
DA:70,0
DA:71,0
DA:72,0
DA:73,0
DA:74,0
DA:95,0
DA:101,0
DA:118,0
DA:119,0
DA:120,0
DA:123,0
DA:124,0
DA:125,0
DA:128,0
DA:134,0
DA:141,0
DA:153,0
LF:43
LH:0
BRDA:31,0,0,0
BRDA:32,1,0,0
BRDA:33,2,0,0
BRDA:34,3,0,0
BRDA:35,4,0,0
BRDA:36,5,0,0
BRDA:39,6,0,0
BRDA:39,6,1,0
BRDA:43,7,0,0
BRDA:43,7,1,0
BRDA:43,8,0,0
BRDA:43,8,1,0
BRDA:55,9,0,0
BRDA:55,9,1,0
BRDA:57,10,0,0
BRDA:57,10,1,0
BRDA:69,11,0,0
BRDA:69,11,1,0
BRDA:69,11,2,0
BRDA:71,12,0,0
BRDA:71,12,1,0
BRDA:90,13,0,0
BRDA:90,13,1,0
BRDA:120,14,0,0
BRDA:120,14,1,0
BRDA:125,15,0,0
BRDA:125,15,1,0
BRDA:130,16,0,0
BRDA:130,16,1,0
BRF:29
BRH:0
end_of_record
TN:
SF:src/components/ChessBoard/Square.tsx
FN:66,Square
FN:82,(anonymous_1)
FN:86,(anonymous_2)
FN:121,(anonymous_3)
FNF:4
FNH:0
FNDA:0,Square
FNDA:0,(anonymous_1)
FNDA:0,(anonymous_2)
FNDA:0,(anonymous_3)
DA:2,0
DA:66,0
DA:82,0
DA:83,0
DA:86,0
DA:87,0
DA:88,0
DA:89,0
DA:93,0
DA:107,0
DA:109,0
DA:122,0
DA:123,0
DA:131,0
DA:132,0
DA:157,0
LF:16
LH:0
BRDA:76,0,0,0
BRDA:77,1,0,0
BRDA:78,2,0,0
BRDA:79,3,0,0
BRDA:87,4,0,0
BRDA:87,4,1,0
BRDA:87,5,0,0
BRDA:87,5,1,0
BRDA:95,6,0,0
BRDA:95,6,1,0
BRDA:96,7,0,0
BRDA:96,7,1,0
BRDA:97,8,0,0
BRDA:97,8,1,0
BRDA:98,9,0,0
BRDA:98,9,1,0
BRDA:99,10,0,0
BRDA:99,10,1,0
BRDA:100,11,0,0
BRDA:100,11,1,0
BRDA:101,12,0,0
BRDA:101,12,1,0
BRDA:102,13,0,0
BRDA:102,13,1,0
BRDA:107,14,0,0
BRDA:107,14,1,0
BRDA:116,15,0,0
BRDA:116,15,1,0
BRDA:120,16,0,0
BRDA:120,16,1,0
BRDA:122,17,0,0
BRDA:122,17,1,0
BRDA:141,18,0,0
BRDA:141,18,1,0
BRDA:141,18,2,0
BRDA:146,19,0,0
BRDA:146,19,1,0
BRDA:151,20,0,0
BRDA:151,20,1,0
BRDA:151,20,2,0
BRDA:152,21,0,0
BRDA:152,21,1,0
BRDA:152,21,2,0
BRF:43
BRH:0
end_of_record
TN:
SF:src/components/MoveHistory/MoveHistory.tsx
FN:13,MoveHistory
FN:26,(anonymous_1)
FN:31,(anonymous_2)
FN:38,(anonymous_3)
FNF:4
FNH:0
FNDA:0,MoveHistory
FNDA:0,(anonymous_1)
FNDA:0,(anonymous_2)
FNDA:0,(anonymous_3)
DA:1,0
DA:4,0
DA:13,0
DA:19,0
DA:20,0
DA:27,0
DA:31,0
DA:38,0
DA:51,0
LF:9
LH:0
BRDA:23,0,0,0
BRDA:23,0,1,0
BRDA:24,1,0,0
BRDA:24,1,1,0
BRDA:30,2,0,0
BRDA:30,2,1,0
BRDA:30,3,0,0
BRDA:30,3,1,0
BRDA:34,4,0,0
BRDA:34,4,1,0
BRDA:37,5,0,0
BRDA:37,5,1,0
BRDA:37,6,0,0
BRDA:37,6,1,0
BRDA:41,7,0,0
BRDA:41,7,1,0
BRF:16
BRH:0
end_of_record
TN:
SF:src/components/PromotionDialog/PromotionDialog.tsx
FN:9,PromotionDialog
FN:21,(anonymous_1)
FN:30,(anonymous_2)
FNF:3
FNH:0
FNDA:0,PromotionDialog
FNDA:0,(anonymous_1)
FNDA:0,(anonymous_2)
DA:1,0
DA:9,0
DA:10,0
DA:16,0
DA:22,0
DA:28,0
DA:29,0
DA:30,0
DA:42,0
LF:9
LH:0
BRDA:28,0,0,0
BRDA:28,0,1,0
BRF:2
BRH:0
end_of_record
TN:
SF:src/hooks/useChessGame.ts
FN:9,useChessGame
FN:10,(anonymous_1)
FN:11,(anonymous_2)
FN:12,(anonymous_3)
FN:13,(anonymous_4)
FN:14,(anonymous_5)
FN:15,(anonymous_6)
FN:33,(anonymous_7)
FN:48,(anonymous_8)
FN:52,(anonymous_9)
FN:63,(anonymous_10)
FN:65,(anonymous_11)
FN:83,(anonymous_12)
FN:102,(anonymous_13)
FN:149,(anonymous_14)
FN:180,(anonymous_15)
FN:193,(anonymous_16)
FN:202,(anonymous_17)
FN:203,(anonymous_18)
FN:211,(anonymous_19)
FN:218,(anonymous_20)
FN:219,(anonymous_21)
FN:220,(anonymous_22)
FN:221,(anonymous_23)
FN:223,(anonymous_24)
FN:234,(anonymous_25)
FN:240,(anonymous_26)
FN:247,(anonymous_27)
FN:254,(anonymous_28)
FN:274,(anonymous_29)
FN:279,(anonymous_30)
FN:281,(anonymous_31)
FN:282,(anonymous_32)
FN:289,(anonymous_33)
FN:300,(anonymous_34)
FN:306,(anonymous_35)
FN:322,(anonymous_36)
FN:323,(anonymous_37)
FNF:38
FNH:0
FNDA:0,useChessGame
FNDA:0,(anonymous_1)
FNDA:0,(anonymous_2)
FNDA:0,(anonymous_3)
FNDA:0,(anonymous_4)
FNDA:0,(anonymous_5)
FNDA:0,(anonymous_6)
FNDA:0,(anonymous_7)
FNDA:0,(anonymous_8)
FNDA:0,(anonymous_9)
FNDA:0,(anonymous_10)
FNDA:0,(anonymous_11)
FNDA:0,(anonymous_12)
FNDA:0,(anonymous_13)
FNDA:0,(anonymous_14)
FNDA:0,(anonymous_15)
FNDA:0,(anonymous_16)
FNDA:0,(anonymous_17)
FNDA:0,(anonymous_18)
FNDA:0,(anonymous_19)
FNDA:0,(anonymous_20)
FNDA:0,(anonymous_21)
FNDA:0,(anonymous_22)
FNDA:0,(anonymous_23)
FNDA:0,(anonymous_24)
FNDA:0,(anonymous_25)
FNDA:0,(anonymous_26)
FNDA:0,(anonymous_27)
FNDA:0,(anonymous_28)
FNDA:0,(anonymous_29)
FNDA:0,(anonymous_30)
FNDA:0,(anonymous_31)
FNDA:0,(anonymous_32)
FNDA:0,(anonymous_33)
FNDA:0,(anonymous_34)
FNDA:0,(anonymous_35)
FNDA:0,(anonymous_36)
FNDA:0,(anonymous_37)
DA:1,0
DA:3,0
DA:9,0
DA:10,0
DA:11,0
DA:12,0
DA:13,0
DA:14,0
DA:15,0
DA:16,0
DA:17,0
DA:18,0
DA:22,0
DA:25,0
DA:26,0
DA:27,0
DA:28,0
DA:33,0
DA:34,0
DA:35,0
DA:36,0
DA:37,0
DA:47,0
DA:50,0
DA:51,0
DA:52,0
DA:53,0
DA:54,0
DA:55,0
DA:58,0
DA:59,0
DA:61,0
DA:62,0
DA:63,0
DA:65,0
DA:68,0
DA:69,0
DA:70,0
DA:71,0
DA:72,0
DA:74,0
DA:83,0
DA:84,0
DA:86,0
DA:87,0
DA:88,0
DA:89,0
DA:90,0
DA:93,0
DA:101,0
DA:103,0
DA:105,0
DA:106,0
DA:107,0
DA:108,0
DA:111,0
DA:112,0
DA:113,0
DA:116,0
DA:117,0
DA:118,0
DA:119,0
DA:120,0
DA:121,0
DA:125,0
DA:126,0
DA:127,0
DA:129,0
DA:130,0
DA:137,0
DA:148,0
DA:150,0
DA:151,0
DA:154,0
DA:156,0
DA:157,0
DA:158,0
DA:159,0
DA:161,0
DA:162,0
DA:163,0
DA:164,0
DA:165,0
DA:167,0
DA:168,0
DA:169,0
DA:179,0
DA:181,0
DA:182,0
DA:183,0
DA:184,0
DA:185,0
DA:193,0
DA:194,0
DA:201,0
DA:203,0
DA:211,0
DA:212,0
DA:218,0
DA:219,0
DA:220,0
DA:221,0
DA:222,0
DA:224,0
DA:234,0
DA:239,0
DA:240,0
DA:247,0
DA:253,0
DA:255,0
DA:257,0
DA:259,0
DA:261,0
DA:262,0
DA:263,0
DA:265,0
DA:266,0
DA:267,0
DA:268,0
DA:274,0
DA:275,0
DA:276,0
DA:277,0
DA:279,0
DA:280,0
DA:281,0
DA:282,0
DA:283,0
DA:284,0
DA:285,0
DA:286,0
DA:287,0
DA:289,0
DA:290,0
DA:291,0
DA:292,0
DA:293,0
DA:294,0
DA:296,0
DA:297,0
DA:299,0
DA:300,0
DA:301,0
DA:305,0
DA:307,0
DA:308,0
DA:309,0
DA:310,0
DA:311,0
DA:313,0
DA:314,0
DA:316,0
DA:317,0
DA:322,0
DA:323,0
DA:324,0
DA:325,0
DA:328,0
DA:373,0
LF:159
LH:0
BRDA:50,0,0,0
BRDA:50,0,1,0
BRDA:53,1,0,0
BRDA:53,1,1,0
BRDA:53,2,0,0
BRDA:53,2,1,0
BRDA:53,2,2,0
BRDA:59,3,0,0
BRDA:59,3,1,0
BRDA:61,4,0,0
BRDA:61,4,1,0
BRDA:61,5,0,0
BRDA:61,5,1,0
BRDA:62,6,0,0
BRDA:62,6,1,0
BRDA:86,7,0,0
BRDA:86,7,1,0
BRDA:105,8,0,0
BRDA:105,8,1,0
BRDA:116,9,0,0
BRDA:116,9,1,0
BRDA:116,10,0,0
BRDA:116,10,1,0
BRDA:125,11,0,0
BRDA:125,11,1,0
BRDA:129,12,0,0
BRDA:129,12,1,0
BRDA:149,13,0,0
BRDA:150,14,0,0
BRDA:150,14,1,0
BRDA:162,15,0,0
BRDA:162,15,1,0
BRDA:224,16,0,0
BRDA:224,16,1,0
BRDA:224,16,2,0
BRDA:224,16,3,0
BRDA:240,17,0,0
BRDA:240,17,1,0
BRDA:255,18,0,0
BRDA:255,18,1,0
BRDA:255,19,0,0
BRDA:255,19,1,0
BRDA:275,20,0,0
BRDA:275,20,1,0
BRDA:276,21,0,0
BRDA:276,21,1,0
BRDA:277,22,0,0
BRDA:277,22,1,0
BRDA:281,23,0,0
BRDA:281,23,1,0
BRDA:283,24,0,0
BRDA:283,24,1,0
BRDA:284,25,0,0
BRDA:284,25,1,0
BRDA:286,26,0,0
BRDA:286,26,1,0
BRDA:286,27,0,0
BRDA:286,27,1,0
BRDA:290,28,0,0
BRDA:290,28,1,0
BRDA:291,29,0,0
BRDA:291,29,1,0
BRDA:293,30,0,0
BRDA:293,30,1,0
BRDA:293,31,0,0
BRDA:293,31,1,0
BRDA:297,32,0,0
BRDA:297,32,1,0
BRDA:301,33,0,0
BRDA:301,33,1,0
BRDA:307,34,0,0
BRDA:307,34,1,0
BRDA:309,35,0,0
BRDA:309,35,1,0
BRDA:324,36,0,0
BRDA:324,36,1,0
BRDA:324,37,0,0
BRDA:324,37,1,0
BRF:78
BRH:0
end_of_record
TN:
SF:src/services/ChessAI.ts
FN:10,(anonymous_0)
FN:35,(anonymous_1)
FN:56,(anonymous_2)
FN:60,(anonymous_3)
FN:68,(anonymous_4)
FN:88,(anonymous_5)
FN:106,(anonymous_6)
FN:153,(anonymous_7)
FN:172,(anonymous_8)
FN:190,(anonymous_9)
FNF:10
FNH:9
FNDA:15,(anonymous_0)
FNDA:24,(anonymous_1)
FNDA:2,(anonymous_2)
FNDA:2,(anonymous_3)
FNDA:7,(anonymous_4)
FNDA:103,(anonymous_5)
FNDA:85296,(anonymous_6)
FNDA:71398,(anonymous_7)
FNDA:2280342,(anonymous_8)
FNDA:0,(anonymous_9)
DA:8,1
DA:11,15
DA:14,3
DA:16,3
DA:18,4
DA:20,1
DA:22,1
DA:24,2
DA:26,1
DA:36,24
DA:38,24
DA:39,1
DA:43,23
DA:44,23
DA:47,23
DA:60,2
DA:61,2
DA:69,7
DA:70,7
DA:71,1
DA:72,1
DA:73,1
DA:77,6
DA:78,6
DA:79,6
DA:80,0
DA:83,6
DA:85,6
DA:86,6
DA:88,6
DA:89,103
DA:90,103
DA:91,103
DA:93,6
DA:94,108
DA:95,108
DA:96,108
DA:97,108
DA:98,108
DA:99,7
DA:100,7
DA:103,6
DA:113,85296
DA:114,71398
DA:117,13898
DA:118,13898
DA:119,0
DA:122,13898
DA:123,13898
DA:125,13898
DA:126,12419
DA:127,12419
DA:128,71493
DA:129,71493
DA:130,71491
DA:131,71491
DA:132,71491
DA:133,71491
DA:134,71491
DA:136,12419
DA:138,1479
DA:139,1479
DA:140,13697
DA:141,13697
DA:142,13697
DA:143,13697
DA:144,13697
DA:145,13697
DA:146,13697
DA:148,1479
DA:154,71398
DA:155,71398
DA:156,71398
DA:157,571184
DA:158,4569472
DA:159,2280342
DA:160,2280342
DA:164,71398
DA:165,3557
DA:166,3557
DA:167,3557
DA:169,71398
DA:173,2280342
DA:175,1139125
DA:178,570585
DA:180,285466
DA:182,142370
DA:184,142796
DA:186,0
DA:191,0
DA:193,0
DA:194,0
LF:92
LH:86
BRDA:11,0,0,2
BRDA:11,0,1,3
BRDA:11,0,2,3
BRDA:11,0,3,4
BRDA:11,0,4,1
BRDA:11,0,5,1
BRDA:11,0,6,2
BRDA:11,0,7,1
BRDA:38,1,0,1
BRDA:38,1,1,23
BRDA:58,2,0,0
BRDA:70,3,0,1
BRDA:70,3,1,6
BRDA:72,4,0,0
BRDA:72,4,1,1
BRDA:79,5,0,0
BRDA:79,5,1,6
BRDA:79,6,0,6
BRDA:79,6,1,0
BRDA:89,7,0,0
BRDA:89,7,1,103
BRDA:90,8,0,0
BRDA:90,8,1,103
BRDA:95,9,0,0
BRDA:95,9,1,108
BRDA:98,10,0,7
BRDA:98,10,1,101
BRDA:113,11,0,71398
BRDA:113,11,1,13898
BRDA:113,12,0,85296
BRDA:113,12,1,14053
BRDA:118,13,0,0
BRDA:118,13,1,13898
BRDA:125,14,0,12419
BRDA:125,14,1,1479
BRDA:129,15,0,2
BRDA:129,15,1,71491
BRDA:134,16,0,11326
BRDA:134,16,1,60165
BRDA:141,17,0,0
BRDA:141,17,1,13697
BRDA:146,18,0,926
BRDA:146,18,1,12771
BRDA:158,19,0,2289130
BRDA:158,19,1,2280342
BRDA:160,20,0,1140520
BRDA:160,20,1,1139822
BRDA:164,21,0,3557
BRDA:164,21,1,67841
BRDA:166,22,0,0
BRDA:166,22,1,3557
BRDA:166,23,0,0
BRDA:166,23,1,0
BRDA:167,24,0,0
BRDA:167,24,1,3557
BRDA:167,25,0,0
BRDA:167,25,1,0
BRDA:173,26,0,1139125
BRDA:173,26,1,285116
BRDA:173,26,2,570585
BRDA:173,26,3,285466
BRDA:173,26,4,142370
BRDA:173,26,5,142796
BRDA:173,26,6,0
BRDA:191,27,0,0
BRDA:191,27,1,0
BRF:66
BRH:48
end_of_record
TN:
SF:src/services/ChessEngine.ts
FN:19,(anonymous_0)
FN:30,(anonymous_1)
FN:44,(anonymous_2)
FN:53,(anonymous_3)
FN:61,(anonymous_4)
FN:69,(anonymous_5)
FN:77,(anonymous_6)
FN:85,(anonymous_7)
FN:93,(anonymous_8)
FN:101,(anonymous_9)
FN:109,(anonymous_10)
FN:118,(anonymous_11)
FN:126,(anonymous_12)
FN:134,(anonymous_13)
FN:142,(anonymous_14)
FN:150,(anonymous_15)
FN:158,(anonymous_16)
FN:166,(anonymous_17)
FN:173,(anonymous_18)
FN:181,(anonymous_19)
FN:191,(anonymous_20)
FN:195,(anonymous_21)
FN:202,(anonymous_22)
FN:224,(anonymous_23)
FN:239,(anonymous_24)
FNF:25
FNH:17
FNDA:60,(anonymous_0)
FNDA:85332,(anonymous_1)
FNDA:13932,(anonymous_2)
FNDA:0,(anonymous_3)
FNDA:85298,(anonymous_4)
FNDA:5,(anonymous_5)
FNDA:12,(anonymous_6)
FNDA:3563,(anonymous_7)
FNDA:13908,(anonymous_8)
FNDA:2,(anonymous_9)
FNDA:71401,(anonymous_10)
FNDA:2,(anonymous_11)
FNDA:85454,(anonymous_12)
FNDA:1,(anonymous_13)
FNDA:0,(anonymous_14)
FNDA:0,(anonymous_15)
FNDA:0,(anonymous_16)
FNDA:0,(anonymous_17)
FNDA:1,(anonymous_18)
FNDA:0,(anonymous_19)
FNDA:0,(anonymous_20)
FNDA:0,(anonymous_21)
FNDA:3560,(anonymous_22)
FNDA:11,(anonymous_23)
FNDA:11,(anonymous_24)
DA:1,3
DA:16,3
DA:20,60
DA:31,85332
DA:37,85332
DA:45,13932
DA:54,0
DA:62,85298
DA:70,5
DA:78,12
DA:86,3563
DA:94,13908
DA:102,2
DA:110,71401
DA:119,2
DA:127,85454
DA:135,1
DA:143,0
DA:151,0
DA:159,0
DA:167,0
DA:174,1
DA:182,0
DA:194,0
DA:195,0
DA:203,3560
DA:204,3560
DA:207,1
DA:213,3298
DA:215,261
DA:227,11
DA:228,11
DA:229,11
DA:230,11
DA:240,11
DA:241,11
DA:242,11
DA:246,3
LF:38
LH:30
BRDA:20,0,0,1
BRDA:20,0,1,59
BRDA:195,1,0,0
BRDA:195,1,1,0
BRDA:204,2,0,1
BRDA:204,2,1,1
BRDA:204,2,2,1
BRDA:204,2,3,1
BRDA:204,2,4,3298
BRDA:204,2,5,3298
BRDA:204,2,6,261
BRDA:207,3,0,1
BRDA:207,3,1,0
BRF:13
BRH:10
end_of_record
TN:
SF:src/utils/chessNotation.ts
FN:5,formatMove
FN:58,computeDisambiguation
FN:71,(anonymous_2)
FN:80,(anonymous_3)
FN:81,(anonymous_4)
FN:87,chunkMoves
FNF:6
FNH:2
FNDA:10,formatMove
FNDA:0,computeDisambiguation
FNDA:0,(anonymous_2)
FNDA:0,(anonymous_3)
FNDA:0,(anonymous_4)
FNDA:4,chunkMoves
DA:2,1
DA:5,1
DA:11,10
DA:12,2
DA:15,8
DA:16,8
DA:17,8
DA:18,8
DA:21,8
DA:22,8
DA:23,0
DA:26,8
DA:28,8
DA:29,2
DA:31,1
DA:33,2
DA:36,8
DA:39,8
DA:40,1
DA:43,8
DA:44,7
DA:46,8
DA:49,1
DA:60,0
DA:61,0
DA:62,0
DA:63,0
DA:64,0
DA:65,0
DA:66,0
DA:67,0
DA:68,0
DA:69,0
DA:71,0
DA:72,0
DA:77,0
DA:78,0
DA:79,0
DA:80,0
DA:81,0
DA:82,0
DA:83,0
DA:84,0
DA:87,1
DA:88,4
DA:89,4
DA:90,5
DA:96,4
LF:48
LH:27
BRDA:11,0,0,2
BRDA:11,0,1,8
BRDA:12,1,0,1
BRDA:12,1,1,1
BRDA:18,2,0,3
BRDA:18,2,1,5
BRDA:18,3,0,5
BRDA:18,3,1,0
BRDA:22,4,0,0
BRDA:22,4,1,8
BRDA:22,5,0,8
BRDA:22,5,1,0
BRDA:22,5,2,0
BRDA:26,6,0,5
BRDA:26,6,1,3
BRDA:28,7,0,2
BRDA:28,7,1,6
BRDA:29,8,0,1
BRDA:29,8,1,1
BRDA:29,9,0,2
BRDA:29,9,1,1
BRDA:39,10,0,1
BRDA:39,10,1,7
BRDA:43,11,0,1
BRDA:43,11,1,7
BRDA:44,12,0,1
BRDA:44,12,1,6
BRDA:65,13,0,0
BRDA:65,13,1,0
BRDA:66,14,0,0
BRDA:66,14,1,0
BRDA:66,15,0,0
BRDA:66,15,1,0
BRDA:68,16,0,0
BRDA:68,16,1,0
BRDA:71,17,0,0
BRDA:71,17,1,0
BRDA:72,18,0,0
BRDA:72,18,1,0
BRDA:77,19,0,0
BRDA:77,19,1,0
BRDA:82,20,0,0
BRDA:82,20,1,0
BRDA:83,21,0,0
BRDA:83,21,1,0
BRF:45
BRH:23
end_of_record
TN:
SF:src/utils/persist.ts
FN:2,loadJSON
FN:13,saveJSON
FN:22,remove
FNF:3
FNH:0
FNDA:0,loadJSON
FNDA:0,saveJSON
FNDA:0,remove
DA:2,0
DA:3,0
DA:4,0
DA:5,0
DA:6,0
DA:7,0
DA:9,0
DA:13,0
DA:14,0
DA:15,0
DA:16,0
DA:22,0
DA:23,0
DA:24,0
DA:25,0
LF:15
LH:0
BRDA:3,0,0,0
BRDA:3,0,1,0
BRDA:6,1,0,0
BRDA:6,1,1,0
BRDA:14,2,0,0
BRDA:14,2,1,0
BRDA:23,3,0,0
BRDA:23,3,1,0
BRF:8
BRH:0
end_of_record
TN:
SF:src/utils/pgn.ts
FN:15,buildPGN
FN:27,(anonymous_1)
FN:32,(anonymous_2)
FNF:3
FNH:0
FNDA:0,buildPGN
FNDA:0,(anonymous_1)
FNDA:0,(anonymous_2)
DA:2,0
DA:15,0
DA:16,0
DA:26,0
DA:27,0
DA:30,0
DA:31,0
DA:32,0
DA:33,0
DA:34,0
DA:35,0
DA:36,0
DA:37,0
DA:39,0
DA:43,0
DA:44,0
DA:46,0
LF:17
LH:0
BRDA:15,0,0,0
BRDA:17,1,0,0
BRDA:17,1,1,0
BRDA:18,2,0,0
BRDA:18,2,1,0
BRDA:19,3,0,0
BRDA:19,3,1,0
BRDA:20,4,0,0
BRDA:20,4,1,0
BRDA:21,5,0,0
BRDA:21,5,1,0
BRDA:22,6,0,0
BRDA:22,6,1,0
BRDA:23,7,0,0
BRDA:23,7,1,0
BRDA:23,7,2,0
BRDA:34,8,0,0
BRDA:34,8,1,0
BRDA:35,9,0,0
BRDA:35,9,1,0
BRDA:36,10,0,0
BRDA:36,10,1,0
BRDA:44,11,0,0
BRDA:44,11,1,0
BRF:24
BRH:0
end_of_record
